{"meta": {"format": 3, "version": "7.14.1", "timestamp": "2026-06-14T05:40:47.589432", "branch_coverage": false, "show_contexts": false}, "files": {"budget_approval/__init__.py": {"executed_lines": [], "summary": {"covered_lines": 0, "num_statements": 0, "percent_covered": 100.0, "percent_covered_display": "100", "missing_lines": 0, "excluded_lines": 0, "percent_statements_covered": 100.0, "percent_statements_covered_display": "100"}, "missing_lines": [], "excluded_lines": [], "functions": {"": {"executed_lines": [], "summary": {"covered_lines": 0, "num_statements": 0, "percent_covered": 100.0, "percent_covered_display": "100", "missing_lines": 0, "excluded_lines": 0, "percent_statements_covered": 100.0, "percent_statements_covered_display": "100"}, "missing_lines": [], "excluded_lines": [], "start_line": 1}}, "classes": {"": {"executed_lines": [], "summary": {"covered_lines": 0, "num_statements": 0, "percent_covered": 100.0, "percent_covered_display": "100", "missing_lines": 0, "excluded_lines": 0, "percent_statements_covered": 100.0, "percent_statements_covered_display": "100"}, "missing_lines": [], "excluded_lines": [], "start_line": 1}}}, "budget_approval/admin.py": {"executed_lines": [1], "summary": {"covered_lines": 1, "num_statements": 1, "percent_covered": 100.0, "percent_covered_display": "100", "missing_lines": 0, "excluded_lines": 0, "percent_statements_covered": 100.0, "percent_statements_covered_display": "100"}, "missing_lines": [], "excluded_lines": [], "functions": {"": {"executed_lines": [1], "summary": {"covered_lines": 1, "num_statements": 1, "percent_covered": 100.0, "percent_covered_display": "100", "missing_lines": 0, "excluded_lines": 0, "percent_statements_covered": 100.0, "percent_statements_covered_display": "100"}, "missing_lines": [], "excluded_lines": [], "start_line": 1}}, "classes": {"": {"executed_lines": [1], "summary": {"covered_lines": 1, "num_statements": 1, "percent_covered": 100.0, "percent_covered_display": "100", "missing_lines": 0, "excluded_lines": 0, "percent_statements_covered": 100.0, "percent_statements_covered_display": "100"}, "missing_lines": [], "excluded_lines": [], "start_line": 1}}}, "budget_approval/apps.py": {"executed_lines": [1, 4, 5, 6], "summary": {"covered_lines": 4, "num_statements": 4, "percent_covered": 100.0, "percent_covered_display": "100", "missing_lines": 0, "excluded_lines": 0, "percent_statements_covered": 100.0, "percent_statements_covered_display": "100"}, "missing_lines": [], "excluded_lines": [], "functions": {"": {"executed_lines": [1, 4, 5, 6], "summary": {"covered_lines": 4, "num_statements": 4, "percent_covered": 100.0, "percent_covered_display": "100", "missing_lines": 0, "excluded_lines": 0, "percent_statements_covered": 100.0, "percent_statements_covered_display": "100"}, "missing_lines": [], "excluded_lines": [], "start_line": 1}}, "classes": {"BudgetApprovalConfig": {"executed_lines": [], "summary": {"covered_lines": 0, "num_statements": 0, "percent_covered": 100.0, "percent_covered_display": "100", "missing_lines": 0, "excluded_lines": 0, "percent_statements_covered": 100.0, "percent_statements_covered_display": "100"}, "missing_lines": [], "excluded_lines": [], "start_line": 4}, "": {"executed_lines": [1, 4, 5, 6], "summary": {"covered_lines": 4, "num_statements": 4, "percent_covered": 100.0, "percent_covered_display": "100", "missing_lines": 0, "excluded_lines": 0, "percent_statements_covered": 100.0, "percent_statements_covered_display": "100"}, "missing_lines": [], "excluded_lines": [], "start_line": 1}}}, "budget_approval/management/__init__.py": {"executed_lines": [], "summary": {"covered_lines": 0, "num_statements": 0, "percent_covered": 100.0, "percent_covered_display": "100", "missing_lines": 0, "excluded_lines": 0, "percent_statements_covered": 100.0, "percent_statements_covered_display": "100"}, "missing_lines": [], "excluded_lines": [], "functions": {"": {"executed_lines": [], "summary": {"covered_lines": 0, "num_statements": 0, "percent_covered": 100.0, "percent_covered_display": "100", "missing_lines": 0, "excluded_lines": 0, "percent_statements_covered": 100.0, "percent_statements_covered_display": "100"}, "missing_lines": [], "excluded_lines": [], "start_line": 1}}, "classes": {"": {"executed_lines": [], "summary": {"covered_lines": 0, "num_statements": 0, "percent_covered": 100.0, "percent_covered_display": "100", "missing_lines": 0, "excluded_lines": 0, "percent_statements_covered": 100.0, "percent_statements_covered_display": "100"}, "missing_lines": [], "excluded_lines": [], "start_line": 1}}}, "budget_approval/management/commands/__init__.py": {"executed_lines": [], "summary": {"covered_lines": 0, "num_statements": 0, "percent_covered": 100.0, "percent_covered_display": "100", "missing_lines": 0, "excluded_lines": 0, "percent_statements_covered": 100.0, "percent_statements_covered_display": "100"}, "missing_lines": [], "excluded_lines": [], "functions": {"": {"executed_lines": [], "summary": {"covered_lines": 0, "num_statements": 0, "percent_covered": 100.0, "percent_covered_display": "100", "missing_lines": 0, "excluded_lines": 0, "percent_statements_covered": 100.0, "percent_statements_covered_display": "100"}, "missing_lines": [], "excluded_lines": [], "start_line": 1}}, "classes": {"": {"executed_lines": [], "summary": {"covered_lines": 0, "num_statements": 0, "percent_covered": 100.0, "percent_covered_display": "100", "missing_lines": 0, "excluded_lines": 0, "percent_statements_covered": 100.0, "percent_statements_covered_display": "100"}, "missing_lines": [], "excluded_lines": [], "start_line": 1}}}, "budget_approval/management/commands/fix_premature_budget_locks.py": {"executed_lines": [], "summary": {"covered_lines": 0, "num_statements": 28, "percent_covered": 0.0, "percent_covered_display": "0", "missing_lines": 28, "excluded_lines": 0, "percent_statements_covered": 0.0, "percent_statements_covered_display": "0"}, "missing_lines": [16, 17, 20, 21, 23, 24, 30, 31, 32, 34, 37, 42, 43, 44, 45, 47, 49, 50, 51, 52, 57, 59, 60, 61, 64, 66, 67, 69], "excluded_lines": [], "functions": {"Command.add_arguments": {"executed_lines": [], "summary": {"covered_lines": 0, "num_statements": 1, "percent_covered": 0.0, "percent_covered_display": "0", "missing_lines": 1, "excluded_lines": 0, "percent_statements_covered": 0.0, "percent_statements_covered_display": "0"}, "missing_lines": [24], "excluded_lines": [], "start_line": 23}, "Command.handle": {"executed_lines": [], "summary": {"covered_lines": 0, "num_statements": 21, "percent_covered": 0.0, "percent_covered_display": "0", "missing_lines": 21, "excluded_lines": 0, "percent_statements_covered": 0.0, "percent_statements_covered_display": "0"}, "missing_lines": [31, 32, 34, 37, 42, 43, 44, 45, 47, 49, 50, 51, 52, 57, 59, 60, 61, 64, 66, 67, 69], "excluded_lines": [], "start_line": 30}, "": {"executed_lines": [], "summary": {"covered_lines": 0, "num_statements": 6, "percent_covered": 0.0, "percent_covered_display": "0", "missing_lines": 6, "excluded_lines": 0, "percent_statements_covered": 0.0, "percent_statements_covered_display": "0"}, "missing_lines": [16, 17, 20, 21, 23, 30], "excluded_lines": [], "start_line": 1}}, "classes": {"Command": {"executed_lines": [], "summary": {"covered_lines": 0, "num_statements": 22, "percent_covered": 0.0, "percent_covered_display": "0", "missing_lines": 22, "excluded_lines": 0, "percent_statements_covered": 0.0, "percent_statements_covered_display": "0"}, "missing_lines": [24, 31, 32, 34, 37, 42, 43, 44, 45, 47, 49, 50, 51, 52, 57, 59, 60, 61, 64, 66, 67, 69], "excluded_lines": [], "start_line": 20}, "": {"executed_lines": [], "summary": {"covered_lines": 0, "num_statements": 6, "percent_covered": 0.0, "percent_covered_display": "0", "missing_lines": 6, "excluded_lines": 0, "percent_statements_covered": 0.0, "percent_statements_covered_display": "0"}, "missing_lines": [16, 17, 20, 21, 23, 30], "excluded_lines": [], "start_line": 1}}}, "budget_approval/migrations/0001_initial.py": {"executed_lines": [3, 4, 5, 6, 7, 8, 11, 13, 15, 21], "summary": {"covered_lines": 10, "num_statements": 10, "percent_covered": 100.0, "percent_covered_display": "100", "missing_lines": 0, "excluded_lines": 0, "percent_statements_covered": 100.0, "percent_statements_covered_display": "100"}, "missing_lines": [], "excluded_lines": [], "functions": {"": {"executed_lines": [3, 4, 5, 6, 7, 8, 11, 13, 15, 21], "summary": {"covered_lines": 10, "num_statements": 10, "percent_covered": 100.0, "percent_covered_display": "100", "missing_lines": 0, "excluded_lines": 0, "percent_statements_covered": 100.0, "percent_statements_covered_display": "100"}, "missing_lines": [], "excluded_lines": [], "start_line": 1}}, "classes": {"Migration": {"executed_lines": [], "summary": {"covered_lines": 0, "num_statements": 0, "percent_covered": 100.0, "percent_covered_display": "100", "missing_lines": 0, "excluded_lines": 0, "percent_statements_covered": 100.0, "percent_statements_covered_display": "100"}, "missing_lines": [], "excluded_lines": [], "start_line": 11}, "": {"executed_lines": [3, 4, 5, 6, 7, 8, 11, 13, 15, 21], "summary": {"covered_lines": 10, "num_statements": 10, "percent_covered": 100.0, "percent_covered_display": "100", "missing_lines": 0, "excluded_lines": 0, "percent_statements_covered": 100.0, "percent_statements_covered_display": "100"}, "missing_lines": [], "excluded_lines": [], "start_line": 1}}}, "budget_approval/migrations/__init__.py": {"executed_lines": [], "summary": {"covered_lines": 0, "num_statements": 0, "percent_covered": 100.0, "percent_covered_display": "100", "missing_lines": 0, "excluded_lines": 0, "percent_statements_covered": 100.0, "percent_statements_covered_display": "100"}, "missing_lines": [], "excluded_lines": [], "functions": {"": {"executed_lines": [], "summary": {"covered_lines": 0, "num_statements": 0, "percent_covered": 100.0, "percent_covered_display": "100", "missing_lines": 0, "excluded_lines": 0, "percent_statements_covered": 100.0, "percent_statements_covered_display": "100"}, "missing_lines": [], "excluded_lines": [], "start_line": 1}}, "classes": {"": {"executed_lines": [], "summary": {"covered_lines": 0, "num_statements": 0, "percent_covered": 100.0, "percent_covered_display": "100", "missing_lines": 0, "excluded_lines": 0, "percent_statements_covered": 100.0, "percent_statements_covered_display": "100"}, "missing_lines": [], "excluded_lines": [], "start_line": 1}}}, "budget_approval/models.py": {"executed_lines": [1, 2, 3, 4, 5, 6, 7, 8, 9, 10, 12, 15, 17, 18, 19, 20, 21, 22, 23, 26, 31, 32, 38, 44, 50, 57, 58, 60, 62, 63, 64, 66, 69, 70, 74, 96, 100, 109, 113, 121, 127, 133, 134, 140, 141, 142, 148, 149, 157, 165, 166, 167, 168, 169, 171, 175, 176, 180, 181, 185, 186, 190, 191, 195, 196, 202, 203, 207, 219, 227, 228, 233, 237, 241, 245, 249, 253, 257, 266, 270, 276, 282, 283, 289, 291, 292, 293, 294, 295, 297, 301, 312, 319], "summary": {"covered_lines": 93, "num_statements": 140, "percent_covered": 66.42857142857143, "percent_covered_display": "66", "missing_lines": 47, "excluded_lines": 0, "percent_statements_covered": 66.42857142857143, "percent_statements_covered_display": "66"}, "missing_lines": [67, 72, 76, 79, 80, 85, 86, 91, 92, 98, 102, 103, 105, 106, 172, 178, 183, 188, 193, 199, 200, 205, 221, 222, 225, 230, 235, 239, 243, 247, 251, 255, 259, 260, 261, 298, 303, 304, 305, 306, 307, 308, 309, 314, 321, 322, 323], "excluded_lines": [], "functions": {"BudgetPool.__str__": {"executed_lines": [], "summary": {"covered_lines": 0, "num_statements": 1, "percent_covered": 0.0, "percent_covered_display": "0", "missing_lines": 1, "excluded_lines": 0, "percent_statements_covered": 0.0, "percent_statements_covered_display": "0"}, "missing_lines": [67], "excluded_lines": [], "start_line": 66}, "BudgetPool.available_amount": {"executed_lines": [], "summary": {"covered_lines": 0, "num_statements": 1, "percent_covered": 0.0, "percent_covered_display": "0", "missing_lines": 1, "excluded_lines": 0, "percent_statements_covered": 0.0, "percent_statements_covered_display": "0"}, "missing_lines": [72], "excluded_lines": [], "start_line": 70}, "BudgetPool.clean": {"executed_lines": [], "summary": {"covered_lines": 0, "num_statements": 7, "percent_covered": 0.0, "percent_covered_display": "0", "missing_lines": 7, "excluded_lines": 0, "percent_statements_covered": 0.0, "percent_statements_covered_display": "0"}, "missing_lines": [76, 79, 80, 85, 86, 91, 92], "excluded_lines": [], "start_line": 74}, "BudgetPool.can_allocate": {"executed_lines": [], "summary": {"covered_lines": 0, "num_statements": 1, "percent_covered": 0.0, "percent_covered_display": "0", "missing_lines": 1, "excluded_lines": 0, "percent_statements_covered": 0.0, "percent_statements_covered_display": "0"}, "missing_lines": [98], "excluded_lines": [], "start_line": 96}, "BudgetPool.allocate": {"executed_lines": [], "summary": {"covered_lines": 0, "num_statements": 4, "percent_covered": 0.0, "percent_covered_display": "0", "missing_lines": 4, "excluded_lines": 0, "percent_statements_covered": 0.0, "percent_statements_covered_display": "0"}, "missing_lines": [102, 103, 105, 106], "excluded_lines": [], "start_line": 100}, "BudgetRequest.__str__": {"executed_lines": [], "summary": {"covered_lines": 0, "num_statements": 1, "percent_covered": 0.0, "percent_covered_display": "0", "missing_lines": 1, "excluded_lines": 0, "percent_statements_covered": 0.0, "percent_statements_covered_display": "0"}, "missing_lines": [172], "excluded_lines": [], "start_line": 171}, "BudgetRequest.submit": {"executed_lines": [], "summary": {"covered_lines": 0, "num_statements": 1, "percent_covered": 0.0, "percent_covered_display": "0", "missing_lines": 1, "excluded_lines": 0, "percent_statements_covered": 0.0, "percent_statements_covered_display": "0"}, "missing_lines": [178], "excluded_lines": [], "start_line": 176}, "BudgetRequest.send_for_review": {"executed_lines": [], "summary": {"covered_lines": 0, "num_statements": 1, "percent_covered": 0.0, "percent_covered_display": "0", "missing_lines": 1, "excluded_lines": 0, "percent_statements_covered": 0.0, "percent_statements_covered_display": "0"}, "missing_lines": [183], "excluded_lines": [], "start_line": 181}, "BudgetRequest.approve": {"executed_lines": [], "summary": {"covered_lines": 0, "num_statements": 1, "percent_covered": 0.0, "percent_covered_display": "0", "missing_lines": 1, "excluded_lines": 0, "percent_statements_covered": 0.0, "percent_statements_covered_display": "0"}, "missing_lines": [188], "excluded_lines": [], "start_line": 186}, "BudgetRequest.reject": {"executed_lines": [], "summary": {"covered_lines": 0, "num_statements": 1, "percent_covered": 0.0, "percent_covered_display": "0", "missing_lines": 1, "excluded_lines": 0, "percent_statements_covered": 0.0, "percent_statements_covered_display": "0"}, "missing_lines": [193], "excluded_lines": [], "start_line": 191}, "BudgetRequest.lock": {"executed_lines": [], "summary": {"covered_lines": 0, "num_statements": 2, "percent_covered": 0.0, "percent_covered_display": "0", "missing_lines": 2, "excluded_lines": 0, "percent_statements_covered": 0.0, "percent_statements_covered_display": "0"}, "missing_lines": [199, 200], "excluded_lines": [], "start_line": 196}, "BudgetRequest.revise": {"executed_lines": [], "summary": {"covered_lines": 0, "num_statements": 1, "percent_covered": 0.0, "percent_covered_display": "0", "missing_lines": 1, "excluded_lines": 0, "percent_statements_covered": 0.0, "percent_statements_covered_display": "0"}, "missing_lines": [205], "excluded_lines": [], "start_line": 203}, "BudgetRequest.cancel": {"executed_lines": [], "summary": {"covered_lines": 0, "num_statements": 3, "percent_covered": 0.0, "percent_covered_display": "0", "missing_lines": 3, "excluded_lines": 0, "percent_statements_covered": 0.0, "percent_statements_covered_display": "0"}, "missing_lines": [221, 222, 225], "excluded_lines": [], "start_line": 219}, "BudgetRequest.forward_to_next": {"executed_lines": [], "summary": {"covered_lines": 0, "num_statements": 1, "percent_covered": 0.0, "percent_covered_display": "0", "missing_lines": 1, "excluded_lines": 0, "percent_statements_covered": 0.0, "percent_statements_covered_display": "0"}, "missing_lines": [230], "excluded_lines": [], "start_line": 228}, "BudgetRequest.can_submit": {"executed_lines": [], "summary": {"covered_lines": 0, "num_statements": 1, "percent_covered": 0.0, "percent_covered_display": "0", "missing_lines": 1, "excluded_lines": 0, "percent_statements_covered": 0.0, "percent_statements_covered_display": "0"}, "missing_lines": [235], "excluded_lines": [], "start_line": 233}, "BudgetRequest.can_approve": {"executed_lines": [], "summary": {"covered_lines": 0, "num_statements": 1, "percent_covered": 0.0, "percent_covered_display": "0", "missing_lines": 1, "excluded_lines": 0, "percent_statements_covered": 0.0, "percent_statements_covered_display": "0"}, "missing_lines": [239], "excluded_lines": [], "start_line": 237}, "BudgetRequest.can_reject": {"executed_lines": [], "summary": {"covered_lines": 0, "num_statements": 1, "percent_covered": 0.0, "percent_covered_display": "0", "missing_lines": 1, "excluded_lines": 0, "percent_statements_covered": 0.0, "percent_statements_covered_display": "0"}, "missing_lines": [243], "excluded_lines": [], "start_line": 241}, "BudgetRequest.can_lock": {"executed_lines": [], "summary": {"covered_lines": 0, "num_statements": 1, "percent_covered": 0.0, "percent_covered_display": "0", "missing_lines": 1, "excluded_lines": 0, "percent_statements_covered": 0.0, "percent_statements_covered_display": "0"}, "missing_lines": [247], "excluded_lines": [], "start_line": 245}, "BudgetRequest.can_revise": {"executed_lines": [], "summary": {"covered_lines": 0, "num_statements": 1, "percent_covered": 0.0, "percent_covered_display": "0", "missing_lines": 1, "excluded_lines": 0, "percent_statements_covered": 0.0, "percent_statements_covered_display": "0"}, "missing_lines": [251], "excluded_lines": [], "start_line": 249}, "BudgetRequest.can_forward": {"executed_lines": [], "summary": {"covered_lines": 0, "num_statements": 1, "percent_covered": 0.0, "percent_covered_display": "0", "missing_lines": 1, "excluded_lines": 0, "percent_statements_covered": 0.0, "percent_statements_covered_display": "0"}, "missing_lines": [255], "excluded_lines": [], "start_line": 253}, "BudgetRequest.clean": {"executed_lines": [], "summary": {"covered_lines": 0, "num_statements": 3, "percent_covered": 0.0, "percent_covered_display": "0", "missing_lines": 3, "excluded_lines": 0, "percent_statements_covered": 0.0, "percent_statements_covered_display": "0"}, "missing_lines": [259, 260, 261], "excluded_lines": [], "start_line": 257}, "BudgetEscalationRule.__str__": {"executed_lines": [], "summary": {"covered_lines": 0, "num_statements": 1, "percent_covered": 0.0, "percent_covered_display": "0", "missing_lines": 1, "excluded_lines": 0, "percent_statements_covered": 0.0, "percent_statements_covered_display": "0"}, "missing_lines": [298], "excluded_lines": [], "start_line": 297}, "BudgetEscalationRule.should_escalate": {"executed_lines": [], "summary": {"covered_lines": 0, "num_statements": 7, "percent_covered": 0.0, "percent_covered_display": "0", "missing_lines": 7, "excluded_lines": 0, "percent_statements_covered": 0.0, "percent_statements_covered_display": "0"}, "missing_lines": [303, 304, 305, 306, 307, 308, 309], "excluded_lines": [], "start_line": 301}, "BudgetEscalationRule.get_escalation_approvers": {"executed_lines": [], "summary": {"covered_lines": 0, "num_statements": 1, "percent_covered": 0.0, "percent_covered_display": "0", "missing_lines": 1, "excluded_lines": 0, "percent_statements_covered": 0.0, "percent_statements_covered_display": "0"}, "missing_lines": [314], "excluded_lines": [], "start_line": 312}, "BudgetEscalationRule.clean": {"executed_lines": [], "summary": {"covered_lines": 0, "num_statements": 3, "percent_covered": 0.0, "percent_covered_display": "0", "missing_lines": 3, "excluded_lines": 0, "percent_statements_covered": 0.0, "percent_statements_covered_display": "0"}, "missing_lines": [321, 322, 323], "excluded_lines": [], "start_line": 319}, "": {"executed_lines": [1, 2, 3, 4, 5, 6, 7, 8, 9, 10, 12, 15, 17, 18, 19, 20, 21, 22, 23, 26, 31, 32, 38, 44, 50, 57, 58, 60, 62, 63, 64, 66, 69, 70, 74, 96, 100, 109, 113, 121, 127, 133, 134, 140, 141, 142, 148, 149, 157, 165, 166, 167, 168, 169, 171, 175, 176, 180, 181, 185, 186, 190, 191, 195, 196, 202, 203, 207, 219, 227, 228, 233, 237, 241, 245, 249, 253, 257, 266, 270, 276, 282, 283, 289, 291, 292, 293, 294, 295, 297, 301, 312, 319], "summary": {"covered_lines": 93, "num_statements": 93, "percent_covered": 100.0, "percent_covered_display": "100", "missing_lines": 0, "excluded_lines": 0, "percent_statements_covered": 100.0, "percent_statements_covered_display": "100"}, "missing_lines": [], "excluded_lines": [], "start_line": 1}}, "classes": {"BudgetRequestStatus": {"executed_lines": [], "summary": {"covered_lines": 0, "num_statements": 0, "percent_covered": 100.0, "percent_covered_display": "100", "missing_lines": 0, "excluded_lines": 0, "percent_statements_covered": 100.0, "percent_statements_covered_display": "100"}, "missing_lines": [], "excluded_lines": [], "start_line": 15}, "BudgetPool": {"executed_lines": [], "summary": {"covered_lines": 0, "num_statements": 14, "percent_covered": 0.0, "percent_covered_display": "0", "missing_lines": 14, "excluded_lines": 0, "percent_statements_covered": 0.0, "percent_statements_covered_display": "0"}, "missing_lines": [67, 72, 76, 79, 80, 85, 86, 91, 92, 98, 102, 103, 105, 106], "excluded_lines": [], "start_line": 26}, "BudgetPool.Meta": {"executed_lines": [], "summary": {"covered_lines": 0, "num_statements": 0, "percent_covered": 100.0, "percent_covered_display": "100", "missing_lines": 0, "excluded_lines": 0, "percent_statements_covered": 100.0, "percent_statements_covered_display": "100"}, "missing_lines": [], "excluded_lines": [], "start_line": 60}, "BudgetRequest": {"executed_lines": [], "summary": {"covered_lines": 0, "num_statements": 21, "percent_covered": 0.0, "percent_covered_display": "0", "missing_lines": 21, "excluded_lines": 0, "percent_statements_covered": 0.0, "percent_statements_covered_display": "0"}, "missing_lines": [172, 178, 183, 188, 193, 199, 200, 205, 221, 222, 225, 230, 235, 239, 243, 247, 251, 255, 259, 260, 261], "excluded_lines": [], "start_line": 109}, "BudgetRequest.Meta": {"executed_lines": [], "summary": {"covered_lines": 0, "num_statements": 0, "percent_covered": 100.0, "percent_covered_display": "100", "missing_lines": 0, "excluded_lines": 0, "percent_statements_covered": 100.0, "percent_statements_covered_display": "100"}, "missing_lines": [], "excluded_lines": [], "start_line": 165}, "BudgetEscalationRule": {"executed_lines": [], "summary": {"covered_lines": 0, "num_statements": 12, "percent_covered": 0.0, "percent_covered_display": "0", "missing_lines": 12, "excluded_lines": 0, "percent_statements_covered": 0.0, "percent_statements_covered_display": "0"}, "missing_lines": [298, 303, 304, 305, 306, 307, 308, 309, 314, 321, 322, 323], "excluded_lines": [], "start_line": 266}, "BudgetEscalationRule.Meta": {"executed_lines": [], "summary": {"covered_lines": 0, "num_statements": 0, "percent_covered": 100.0, "percent_covered_display": "100", "missing_lines": 0, "excluded_lines": 0, "percent_statements_covered": 100.0, "percent_statements_covered_display": "100"}, "missing_lines": [], "excluded_lines": [], "start_line": 291}, "": {"executed_lines": [1, 2, 3, 4, 5, 6, 7, 8, 9, 10, 12, 15, 17, 18, 19, 20, 21, 22, 23, 26, 31, 32, 38, 44, 50, 57, 58, 60, 62, 63, 64, 66, 69, 70, 74, 96, 100, 109, 113, 121, 127, 133, 134, 140, 141, 142, 148, 149, 157, 165, 166, 167, 168, 169, 171, 175, 176, 180, 181, 185, 186, 190, 191, 195, 196, 202, 203, 207, 219, 227, 228, 233, 237, 241, 245, 249, 253, 257, 266, 270, 276, 282, 283, 289, 291, 292, 293, 294, 295, 297, 301, 312, 319], "summary": {"covered_lines": 93, "num_statements": 93, "percent_covered": 100.0, "percent_covered_display": "100", "missing_lines": 0, "excluded_lines": 0, "percent_statements_covered": 100.0, "percent_statements_covered_display": "100"}, "missing_lines": [], "excluded_lines": [], "start_line": 1}}}, "budget_approval/notifications.py": {"executed_lines": [], "summary": {"covered_lines": 0, "num_statements": 93, "percent_covered": 0.0, "percent_covered_display": "0", "missing_lines": 93, "excluded_lines": 0, "percent_statements_covered": 0.0, "percent_statements_covered_display": "0"}, "missing_lines": [5, 7, 9, 10, 11, 13, 15, 16, 17, 18, 19, 20, 21, 22, 25, 26, 27, 28, 29, 32, 33, 34, 35, 36, 39, 40, 41, 42, 52, 53, 54, 55, 56, 57, 60, 61, 62, 63, 65, 74, 75, 76, 77, 78, 79, 93, 99, 100, 114, 120, 121, 122, 123, 124, 142, 148, 149, 150, 151, 152, 170, 171, 172, 173, 174, 175, 176, 195, 196, 197, 198, 199, 206, 207, 208, 209, 211, 225, 226, 227, 228, 229, 231, 232, 233, 234, 235, 237, 251, 252, 253, 254, 255], "excluded_lines": [], "functions": {"_budget_summary": {"executed_lines": [], "summary": {"covered_lines": 0, "num_statements": 4, "percent_covered": 0.0, "percent_covered_display": "0", "missing_lines": 4, "excluded_lines": 0, "percent_statements_covered": 0.0, "percent_statements_covered_display": "0"}, "missing_lines": [26, 27, 28, 29], "excluded_lines": [], "start_line": 25}, "_action_url": {"executed_lines": [], "summary": {"covered_lines": 0, "num_statements": 4, "percent_covered": 0.0, "percent_covered_display": "0", "missing_lines": 4, "excluded_lines": 0, "percent_statements_covered": 0.0, "percent_statements_covered_display": "0"}, "missing_lines": [33, 34, 35, 36], "excluded_lines": [], "start_line": 32}, "_base_metadata": {"executed_lines": [], "summary": {"covered_lines": 0, "num_statements": 9, "percent_covered": 0.0, "percent_covered_display": "0", "missing_lines": 9, "excluded_lines": 0, "percent_statements_covered": 0.0, "percent_statements_covered_display": "0"}, "missing_lines": [40, 41, 42, 52, 53, 54, 55, 56, 57], "excluded_lines": [], "start_line": 39}, "_budget_controller_ids": {"executed_lines": [], "summary": {"covered_lines": 0, "num_statements": 4, "percent_covered": 0.0, "percent_covered_display": "0", "missing_lines": 4, "excluded_lines": 0, "percent_statements_covered": 0.0, "percent_statements_covered_display": "0"}, "missing_lines": [61, 62, 63, 65], "excluded_lines": [], "start_line": 60}, "notify_budget_submitted": {"executed_lines": [], "summary": {"covered_lines": 0, "num_statements": 5, "percent_covered": 0.0, "percent_covered_display": "0", "missing_lines": 5, "excluded_lines": 0, "percent_statements_covered": 0.0, "percent_statements_covered_display": "0"}, "missing_lines": [75, 76, 77, 78, 79], "excluded_lines": [], "start_line": 74}, "notify_budget_forwarded": {"executed_lines": [], "summary": {"covered_lines": 0, "num_statements": 2, "percent_covered": 0.0, "percent_covered_display": "0", "missing_lines": 2, "excluded_lines": 0, "percent_statements_covered": 0.0, "percent_statements_covered_display": "0"}, "missing_lines": [99, 100], "excluded_lines": [], "start_line": 93}, "notify_budget_approved": {"executed_lines": [], "summary": {"covered_lines": 0, "num_statements": 5, "percent_covered": 0.0, "percent_covered_display": "0", "missing_lines": 5, "excluded_lines": 0, "percent_statements_covered": 0.0, "percent_statements_covered_display": "0"}, "missing_lines": [120, 121, 122, 123, 124], "excluded_lines": [], "start_line": 114}, "notify_budget_rejected": {"executed_lines": [], "summary": {"covered_lines": 0, "num_statements": 5, "percent_covered": 0.0, "percent_covered_display": "0", "missing_lines": 5, "excluded_lines": 0, "percent_statements_covered": 0.0, "percent_statements_covered_display": "0"}, "missing_lines": [148, 149, 150, 151, 152], "excluded_lines": [], "start_line": 142}, "notify_budget_locked": {"executed_lines": [], "summary": {"covered_lines": 0, "num_statements": 6, "percent_covered": 0.0, "percent_covered_display": "0", "missing_lines": 6, "excluded_lines": 0, "percent_statements_covered": 0.0, "percent_statements_covered_display": "0"}, "missing_lines": [171, 172, 173, 174, 175, 176], "excluded_lines": [], "start_line": 170}, "notify_budget_pool_insufficient": {"executed_lines": [], "summary": {"covered_lines": 0, "num_statements": 9, "percent_covered": 0.0, "percent_covered_display": "0", "missing_lines": 9, "excluded_lines": 0, "percent_statements_covered": 0.0, "percent_statements_covered_display": "0"}, "missing_lines": [196, 197, 198, 199, 206, 207, 208, 209, 211], "excluded_lines": [], "start_line": 195}, "notify_budget_cancelled": {"executed_lines": [], "summary": {"covered_lines": 0, "num_statements": 10, "percent_covered": 0.0, "percent_covered_display": "0", "missing_lines": 10, "excluded_lines": 0, "percent_statements_covered": 0.0, "percent_statements_covered_display": "0"}, "missing_lines": [226, 227, 228, 229, 231, 232, 233, 234, 235, 237], "excluded_lines": [], "start_line": 225}, "notify_budget_escalated": {"executed_lines": [], "summary": {"covered_lines": 0, "num_statements": 4, "percent_covered": 0.0, "percent_covered_display": "0", "missing_lines": 4, "excluded_lines": 0, "percent_statements_covered": 0.0, "percent_statements_covered_display": "0"}, "missing_lines": [252, 253, 254, 255], "excluded_lines": [], "start_line": 251}, "": {"executed_lines": [], "summary": {"covered_lines": 0, "num_statements": 26, "percent_covered": 0.0, "percent_covered_display": "0", "missing_lines": 26, "excluded_lines": 0, "percent_statements_covered": 0.0, "percent_statements_covered_display": "0"}, "missing_lines": [5, 7, 9, 10, 11, 13, 15, 16, 17, 18, 19, 20, 21, 22, 25, 32, 39, 60, 74, 93, 114, 142, 170, 195, 225, 251], "excluded_lines": [], "start_line": 1}}, "classes": {"": {"executed_lines": [], "summary": {"covered_lines": 0, "num_statements": 93, "percent_covered": 0.0, "percent_covered_display": "0", "missing_lines": 93, "excluded_lines": 0, "percent_statements_covered": 0.0, "percent_statements_covered_display": "0"}, "missing_lines": [5, 7, 9, 10, 11, 13, 15, 16, 17, 18, 19, 20, 21, 22, 25, 26, 27, 28, 29, 32, 33, 34, 35, 36, 39, 40, 41, 42, 52, 53, 54, 55, 56, 57, 60, 61, 62, 63, 65, 74, 75, 76, 77, 78, 79, 93, 99, 100, 114, 120, 121, 122, 123, 124, 142, 148, 149, 150, 151, 152, 170, 171, 172, 173, 174, 175, 176, 195, 196, 197, 198, 199, 206, 207, 208, 209, 211, 225, 226, 227, 228, 229, 231, 232, 233, 234, 235, 237, 251, 252, 253, 254, 255], "excluded_lines": [], "start_line": 1}}}, "budget_approval/permissions.py": {"executed_lines": [], "summary": {"covered_lines": 0, "num_statements": 138, "percent_covered": 0.0, "percent_covered_display": "0", "missing_lines": 138, "excluded_lines": 0, "percent_statements_covered": 0.0, "percent_statements_covered_display": "0"}, "missing_lines": [1, 2, 3, 4, 5, 7, 10, 13, 14, 17, 18, 23, 24, 27, 30, 32, 33, 36, 38, 39, 40, 41, 43, 45, 48, 49, 52, 53, 56, 59, 60, 61, 62, 63, 64, 65, 68, 69, 70, 73, 75, 76, 79, 80, 83, 86, 88, 89, 91, 93, 96, 99, 102, 103, 106, 107, 112, 113, 116, 119, 122, 124, 127, 128, 131, 132, 135, 136, 139, 142, 143, 144, 147, 150, 153, 156, 157, 160, 161, 164, 165, 168, 171, 174, 175, 179, 180, 181, 182, 183, 186, 187, 188, 189, 190, 191, 193, 195, 198, 199, 202, 203, 206, 209, 210, 211, 214, 215, 218, 219, 220, 221, 223, 226, 229, 232, 233, 235, 238, 239, 240, 243, 244, 245, 246, 249, 250, 251, 252, 254, 255, 256, 259, 260, 262, 265, 266, 268], "excluded_lines": [], "functions": {"BudgetRequestPermission.has_permission": {"executed_lines": [], "summary": {"covered_lines": 0, "num_statements": 16, "percent_covered": 0.0, "percent_covered_display": "0", "missing_lines": 16, "excluded_lines": 0, "percent_statements_covered": 0.0, "percent_statements_covered_display": "0"}, "missing_lines": [13, 14, 17, 18, 23, 24, 27, 30, 32, 33, 36, 38, 39, 40, 41, 43], "excluded_lines": [], "start_line": 10}, "BudgetRequestPermission.has_object_permission": {"executed_lines": [], "summary": {"covered_lines": 0, "num_statements": 26, "percent_covered": 0.0, "percent_covered_display": "0", "missing_lines": 26, "excluded_lines": 0, "percent_statements_covered": 0.0, "percent_statements_covered_display": "0"}, "missing_lines": [48, 49, 52, 53, 56, 59, 60, 61, 62, 63, 64, 65, 68, 69, 70, 73, 75, 76, 79, 80, 83, 86, 88, 89, 91, 93], "excluded_lines": [], "start_line": 45}, "ApprovalPermission.has_permission": {"executed_lines": [], "summary": {"covered_lines": 0, "num_statements": 9, "percent_covered": 0.0, "percent_covered_display": "0", "missing_lines": 9, "excluded_lines": 0, "percent_statements_covered": 0.0, "percent_statements_covered_display": "0"}, "missing_lines": [102, 103, 106, 107, 112, 113, 116, 119, 122], "excluded_lines": [], "start_line": 99}, "ApprovalPermission.has_object_permission": {"executed_lines": [], "summary": {"covered_lines": 0, "num_statements": 11, "percent_covered": 0.0, "percent_covered_display": "0", "missing_lines": 11, "excluded_lines": 0, "percent_statements_covered": 0.0, "percent_statements_covered_display": "0"}, "missing_lines": [127, 128, 131, 132, 135, 136, 139, 142, 143, 144, 147], "excluded_lines": [], "start_line": 124}, "BudgetPoolPermission.has_permission": {"executed_lines": [], "summary": {"covered_lines": 0, "num_statements": 22, "percent_covered": 0.0, "percent_covered_display": "0", "missing_lines": 22, "excluded_lines": 0, "percent_statements_covered": 0.0, "percent_statements_covered_display": "0"}, "missing_lines": [156, 157, 160, 161, 164, 165, 168, 171, 174, 175, 179, 180, 181, 182, 183, 186, 187, 188, 189, 190, 191, 193], "excluded_lines": [], "start_line": 153}, "BudgetPoolPermission.has_object_permission": {"executed_lines": [], "summary": {"covered_lines": 0, "num_statements": 15, "percent_covered": 0.0, "percent_covered_display": "0", "missing_lines": 15, "excluded_lines": 0, "percent_statements_covered": 0.0, "percent_statements_covered_display": "0"}, "missing_lines": [198, 199, 202, 203, 206, 209, 210, 211, 214, 215, 218, 219, 220, 221, 223], "excluded_lines": [], "start_line": 195}, "EscalationPermission.has_permission": {"executed_lines": [], "summary": {"covered_lines": 0, "num_statements": 19, "percent_covered": 0.0, "percent_covered_display": "0", "missing_lines": 19, "excluded_lines": 0, "percent_statements_covered": 0.0, "percent_statements_covered_display": "0"}, "missing_lines": [232, 233, 235, 238, 239, 240, 243, 244, 245, 246, 249, 250, 251, 252, 254, 255, 256, 259, 260], "excluded_lines": [], "start_line": 229}, "EscalationPermission.has_object_permission": {"executed_lines": [], "summary": {"covered_lines": 0, "num_statements": 3, "percent_covered": 0.0, "percent_covered_display": "0", "missing_lines": 3, "excluded_lines": 0, "percent_statements_covered": 0.0, "percent_statements_covered_display": "0"}, "missing_lines": [265, 266, 268], "excluded_lines": [], "start_line": 262}, "": {"executed_lines": [], "summary": {"covered_lines": 0, "num_statements": 17, "percent_covered": 0.0, "percent_covered_display": "0", "missing_lines": 17, "excluded_lines": 0, "percent_statements_covered": 0.0, "percent_statements_covered_display": "0"}, "missing_lines": [1, 2, 3, 4, 5, 7, 10, 45, 96, 99, 124, 150, 153, 195, 226, 229, 262], "excluded_lines": [], "start_line": 1}}, "classes": {"BudgetRequestPermission": {"executed_lines": [], "summary": {"covered_lines": 0, "num_statements": 42, "percent_covered": 0.0, "percent_covered_display": "0", "missing_lines": 42, "excluded_lines": 0, "percent_statements_covered": 0.0, "percent_statements_covered_display": "0"}, "missing_lines": [13, 14, 17, 18, 23, 24, 27, 30, 32, 33, 36, 38, 39, 40, 41, 43, 48, 49, 52, 53, 56, 59, 60, 61, 62, 63, 64, 65, 68, 69, 70, 73, 75, 76, 79, 80, 83, 86, 88, 89, 91, 93], "excluded_lines": [], "start_line": 7}, "ApprovalPermission": {"executed_lines": [], "summary": {"covered_lines": 0, "num_statements": 20, "percent_covered": 0.0, "percent_covered_display": "0", "missing_lines": 20, "excluded_lines": 0, "percent_statements_covered": 0.0, "percent_statements_covered_display": "0"}, "missing_lines": [102, 103, 106, 107, 112, 113, 116, 119, 122, 127, 128, 131, 132, 135, 136, 139, 142, 143, 144, 147], "excluded_lines": [], "start_line": 96}, "BudgetPoolPermission": {"executed_lines": [], "summary": {"covered_lines": 0, "num_statements": 37, "percent_covered": 0.0, "percent_covered_display": "0", "missing_lines": 37, "excluded_lines": 0, "percent_statements_covered": 0.0, "percent_statements_covered_display": "0"}, "missing_lines": [156, 157, 160, 161, 164, 165, 168, 171, 174, 175, 179, 180, 181, 182, 183, 186, 187, 188, 189, 190, 191, 193, 198, 199, 202, 203, 206, 209, 210, 211, 214, 215, 218, 219, 220, 221, 223], "excluded_lines": [], "start_line": 150}, "EscalationPermission": {"executed_lines": [], "summary": {"covered_lines": 0, "num_statements": 22, "percent_covered": 0.0, "percent_covered_display": "0", "missing_lines": 22, "excluded_lines": 0, "percent_statements_covered": 0.0, "percent_statements_covered_display": "0"}, "missing_lines": [232, 233, 235, 238, 239, 240, 243, 244, 245, 246, 249, 250, 251, 252, 254, 255, 256, 259, 260, 265, 266, 268], "excluded_lines": [], "start_line": 226}, "": {"executed_lines": [], "summary": {"covered_lines": 0, "num_statements": 17, "percent_covered": 0.0, "percent_covered_display": "0", "missing_lines": 17, "excluded_lines": 0, "percent_statements_covered": 0.0, "percent_statements_covered_display": "0"}, "missing_lines": [1, 2, 3, 4, 5, 7, 10, 45, 96, 99, 124, 150, 153, 195, 226, 229, 262], "excluded_lines": [], "start_line": 1}}}, "budget_approval/serializers.py": {"executed_lines": [], "summary": {"covered_lines": 0, "num_statements": 112, "percent_covered": 0.0, "percent_covered_display": "0", "missing_lines": 112, "excluded_lines": 0, "percent_statements_covered": 0.0, "percent_statements_covered_display": "0"}, "missing_lines": [1, 2, 3, 4, 5, 6, 8, 11, 13, 14, 15, 16, 17, 18, 19, 20, 21, 22, 23, 24, 25, 27, 28, 29, 34, 36, 37, 38, 39, 40, 42, 43, 45, 46, 47, 48, 49, 59, 60, 61, 62, 63, 65, 66, 68, 72, 73, 76, 77, 78, 79, 82, 85, 87, 88, 93, 94, 95, 101, 102, 103, 104, 105, 108, 109, 114, 115, 120, 121, 124, 125, 129, 130, 134, 135, 136, 140, 142, 145, 151, 153, 155, 160, 163, 165, 166, 167, 174, 176, 177, 178, 179, 180, 181, 182, 183, 185, 186, 187, 191, 193, 194, 196, 202, 203, 205, 206, 213, 215, 218, 219, 221], "excluded_lines": [], "functions": {"BudgetRequestSerializer.get_requested_by": {"executed_lines": [], "summary": {"covered_lines": 0, "num_statements": 4, "percent_covered": 0.0, "percent_covered_display": "0", "missing_lines": 4, "excluded_lines": 0, "percent_statements_covered": 0.0, "percent_statements_covered_display": "0"}, "missing_lines": [37, 38, 39, 40], "excluded_lines": [], "start_line": 36}, "BudgetRequestSerializer.get_is_escalated": {"executed_lines": [], "summary": {"covered_lines": 0, "num_statements": 1, "percent_covered": 0.0, "percent_covered_display": "0", "missing_lines": 1, "excluded_lines": 0, "percent_statements_covered": 0.0, "percent_statements_covered_display": "0"}, "missing_lines": [43], "excluded_lines": [], "start_line": 42}, "BudgetRequestSerializer.get_budget_pool": {"executed_lines": [], "summary": {"covered_lines": 0, "num_statements": 4, "percent_covered": 0.0, "percent_covered_display": "0", "missing_lines": 4, "excluded_lines": 0, "percent_statements_covered": 0.0, "percent_statements_covered_display": "0"}, "missing_lines": [46, 47, 48, 49], "excluded_lines": [], "start_line": 45}, "BudgetRequestSerializer.get_current_approver_name": {"executed_lines": [], "summary": {"covered_lines": 0, "num_statements": 4, "percent_covered": 0.0, "percent_covered_display": "0", "missing_lines": 4, "excluded_lines": 0, "percent_statements_covered": 0.0, "percent_statements_covered_display": "0"}, "missing_lines": [60, 61, 62, 63], "excluded_lines": [], "start_line": 59}, "BudgetRequestSerializer.get_ad_channel_name": {"executed_lines": [], "summary": {"covered_lines": 0, "num_statements": 1, "percent_covered": 0.0, "percent_covered_display": "0", "missing_lines": 1, "excluded_lines": 0, "percent_statements_covered": 0.0, "percent_statements_covered_display": "0"}, "missing_lines": [66], "excluded_lines": [], "start_line": 65}, "BudgetRequestSerializer.validate": {"executed_lines": [], "summary": {"covered_lines": 0, "num_statements": 32, "percent_covered": 0.0, "percent_covered_display": "0", "missing_lines": 32, "excluded_lines": 0, "percent_statements_covered": 0.0, "percent_statements_covered_display": "0"}, "missing_lines": [72, 73, 76, 77, 78, 79, 82, 85, 87, 88, 93, 94, 95, 101, 102, 103, 104, 105, 108, 109, 114, 115, 120, 121, 124, 125, 129, 130, 134, 135, 136, 140], "excluded_lines": [], "start_line": 68}, "BudgetRequestSerializer.create": {"executed_lines": [], "summary": {"covered_lines": 0, "num_statements": 2, "percent_covered": 0.0, "percent_covered_display": "0", "missing_lines": 2, "excluded_lines": 0, "percent_statements_covered": 0.0, "percent_statements_covered_display": "0"}, "missing_lines": [145, 151], "excluded_lines": [], "start_line": 142}, "BudgetRequestSerializer.find_budget_pool": {"executed_lines": [], "summary": {"covered_lines": 0, "num_statements": 2, "percent_covered": 0.0, "percent_covered_display": "0", "missing_lines": 2, "excluded_lines": 0, "percent_statements_covered": 0.0, "percent_statements_covered_display": "0"}, "missing_lines": [155, 160], "excluded_lines": [], "start_line": 153}, "BudgetPoolSerializer.get_ad_channel_name": {"executed_lines": [], "summary": {"covered_lines": 0, "num_statements": 1, "percent_covered": 0.0, "percent_covered_display": "0", "missing_lines": 1, "excluded_lines": 0, "percent_statements_covered": 0.0, "percent_statements_covered_display": "0"}, "missing_lines": [194], "excluded_lines": [], "start_line": 193}, "BudgetPoolSerializer.validate": {"executed_lines": [], "summary": {"covered_lines": 0, "num_statements": 5, "percent_covered": 0.0, "percent_covered_display": "0", "missing_lines": 5, "excluded_lines": 0, "percent_statements_covered": 0.0, "percent_statements_covered_display": "0"}, "missing_lines": [202, 203, 205, 206, 213], "excluded_lines": [], "start_line": 196}, "BudgetPoolSerializer.create": {"executed_lines": [], "summary": {"covered_lines": 0, "num_statements": 3, "percent_covered": 0.0, "percent_covered_display": "0", "missing_lines": 3, "excluded_lines": 0, "percent_statements_covered": 0.0, "percent_statements_covered_display": "0"}, "missing_lines": [218, 219, 221], "excluded_lines": [], "start_line": 215}, "": {"executed_lines": [], "summary": {"covered_lines": 0, "num_statements": 53, "percent_covered": 0.0, "percent_covered_display": "0", "missing_lines": 53, "excluded_lines": 0, "percent_statements_covered": 0.0, "percent_statements_covered_display": "0"}, "missing_lines": [1, 2, 3, 4, 5, 6, 8, 11, 13, 14, 15, 16, 17, 18, 19, 20, 21, 22, 23, 24, 25, 27, 28, 29, 34, 36, 42, 45, 59, 65, 68, 142, 153, 163, 165, 166, 167, 174, 176, 177, 178, 179, 180, 181, 182, 183, 185, 186, 187, 191, 193, 196, 215], "excluded_lines": [], "start_line": 1}}, "classes": {"BudgetRequestSerializer": {"executed_lines": [], "summary": {"covered_lines": 0, "num_statements": 50, "percent_covered": 0.0, "percent_covered_display": "0", "missing_lines": 50, "excluded_lines": 0, "percent_statements_covered": 0.0, "percent_statements_covered_display": "0"}, "missing_lines": [37, 38, 39, 40, 43, 46, 47, 48, 49, 60, 61, 62, 63, 66, 72, 73, 76, 77, 78, 79, 82, 85, 87, 88, 93, 94, 95, 101, 102, 103, 104, 105, 108, 109, 114, 115, 120, 121, 124, 125, 129, 130, 134, 135, 136, 140, 145, 151, 155, 160], "excluded_lines": [], "start_line": 11}, "BudgetRequestSerializer.Meta": {"executed_lines": [], "summary": {"covered_lines": 0, "num_statements": 0, "percent_covered": 100.0, "percent_covered_display": "100", "missing_lines": 0, "excluded_lines": 0, "percent_statements_covered": 100.0, "percent_statements_covered_display": "100"}, "missing_lines": [], "excluded_lines": [], "start_line": 27}, "ApprovalDecisionSerializer": {"executed_lines": [], "summary": {"covered_lines": 0, "num_statements": 0, "percent_covered": 100.0, "percent_covered_display": "100", "missing_lines": 0, "excluded_lines": 0, "percent_statements_covered": 100.0, "percent_statements_covered_display": "100"}, "missing_lines": [], "excluded_lines": [], "start_line": 163}, "BudgetPoolSerializer": {"executed_lines": [], "summary": {"covered_lines": 0, "num_statements": 9, "percent_covered": 0.0, "percent_covered_display": "0", "missing_lines": 9, "excluded_lines": 0, "percent_statements_covered": 0.0, "percent_statements_covered_display": "0"}, "missing_lines": [194, 202, 203, 205, 206, 213, 218, 219, 221], "excluded_lines": [], "start_line": 174}, "BudgetPoolSerializer.Meta": {"executed_lines": [], "summary": {"covered_lines": 0, "num_statements": 0, "percent_covered": 100.0, "percent_covered_display": "100", "missing_lines": 0, "excluded_lines": 0, "percent_statements_covered": 100.0, "percent_statements_covered_display": "100"}, "missing_lines": [], "excluded_lines": [], "start_line": 185}, "": {"executed_lines": [], "summary": {"covered_lines": 0, "num_statements": 53, "percent_covered": 0.0, "percent_covered_display": "0", "missing_lines": 53, "excluded_lines": 0, "percent_statements_covered": 0.0, "percent_statements_covered_display": "0"}, "missing_lines": [1, 2, 3, 4, 5, 6, 8, 11, 13, 14, 15, 16, 17, 18, 19, 20, 21, 22, 23, 24, 25, 27, 28, 29, 34, 36, 42, 45, 59, 65, 68, 142, 153, 163, 165, 166, 167, 174, 176, 177, 178, 179, 180, 181, 182, 183, 185, 186, 187, 191, 193, 196, 215], "excluded_lines": [], "start_line": 1}}}, "budget_approval/services.py": {"executed_lines": [], "summary": {"covered_lines": 0, "num_statements": 136, "percent_covered": 0.0, "percent_covered_display": "0", "missing_lines": 136, "excluded_lines": 0, "percent_statements_covered": 0.0, "percent_statements_covered_display": "0"}, "missing_lines": [1, 2, 3, 4, 5, 6, 9, 12, 13, 15, 17, 18, 20, 21, 24, 25, 28, 29, 32, 34, 36, 37, 39, 41, 42, 44, 50, 51, 52, 54, 56, 57, 59, 60, 62, 65, 66, 67, 68, 69, 70, 71, 73, 74, 75, 78, 81, 82, 84, 89, 91, 92, 94, 95, 97, 99, 100, 103, 105, 106, 108, 110, 112, 113, 134, 135, 137, 138, 140, 142, 145, 146, 150, 151, 152, 155, 156, 157, 158, 159, 165, 175, 176, 177, 183, 185, 186, 188, 189, 191, 193, 194, 195, 198, 199, 201, 203, 204, 206, 207, 209, 212, 213, 216, 217, 220, 223, 224, 228, 232, 233, 235, 240, 242, 244, 245, 246, 249, 250, 252, 253, 254, 255, 256, 260, 263, 266, 267, 270, 273, 274, 275, 276, 277, 280, 282], "excluded_lines": [], "functions": {"BudgetRequestService.create_budget_request": {"executed_lines": [], "summary": {"covered_lines": 0, "num_statements": 11, "percent_covered": 0.0, "percent_covered_display": "0", "missing_lines": 11, "excluded_lines": 0, "percent_statements_covered": 0.0, "percent_statements_covered_display": "0"}, "missing_lines": [15, 17, 18, 20, 21, 24, 25, 28, 29, 32, 34], "excluded_lines": [], "start_line": 13}, "BudgetRequestService.check_budget_availability": {"executed_lines": [], "summary": {"covered_lines": 0, "num_statements": 1, "percent_covered": 0.0, "percent_covered_display": "0", "missing_lines": 1, "excluded_lines": 0, "percent_statements_covered": 0.0, "percent_statements_covered_display": "0"}, "missing_lines": [39], "excluded_lines": [], "start_line": 37}, "BudgetRequestService.check_escalation_rules": {"executed_lines": [], "summary": {"covered_lines": 0, "num_statements": 5, "percent_covered": 0.0, "percent_covered_display": "0", "missing_lines": 5, "excluded_lines": 0, "percent_statements_covered": 0.0, "percent_statements_covered_display": "0"}, "missing_lines": [44, 50, 51, 52, 54], "excluded_lines": [], "start_line": 42}, "BudgetRequestService.submit_budget_request": {"executed_lines": [], "summary": {"covered_lines": 0, "num_statements": 18, "percent_covered": 0.0, "percent_covered_display": "0", "missing_lines": 18, "excluded_lines": 0, "percent_statements_covered": 0.0, "percent_statements_covered_display": "0"}, "missing_lines": [59, 60, 62, 65, 66, 67, 68, 69, 70, 71, 73, 74, 75, 78, 81, 82, 84, 89], "excluded_lines": [], "start_line": 57}, "BudgetRequestService.start_review": {"executed_lines": [], "summary": {"covered_lines": 0, "num_statements": 10, "percent_covered": 0.0, "percent_covered_display": "0", "missing_lines": 10, "excluded_lines": 0, "percent_statements_covered": 0.0, "percent_statements_covered_display": "0"}, "missing_lines": [94, 95, 97, 99, 100, 103, 105, 106, 108, 110], "excluded_lines": [], "start_line": 92}, "BudgetRequestService.process_approval": {"executed_lines": [], "summary": {"covered_lines": 0, "num_statements": 21, "percent_covered": 0.0, "percent_covered_display": "0", "missing_lines": 21, "excluded_lines": 0, "percent_statements_covered": 0.0, "percent_statements_covered_display": "0"}, "missing_lines": [134, 135, 137, 138, 140, 142, 145, 146, 150, 151, 152, 155, 156, 157, 158, 159, 165, 175, 176, 177, 183], "excluded_lines": [], "start_line": 113}, "BudgetRequestService.revise_rejected_request": {"executed_lines": [], "summary": {"covered_lines": 0, "num_statements": 9, "percent_covered": 0.0, "percent_covered_display": "0", "missing_lines": 9, "excluded_lines": 0, "percent_statements_covered": 0.0, "percent_statements_covered_display": "0"}, "missing_lines": [188, 189, 191, 193, 194, 195, 198, 199, 201], "excluded_lines": [], "start_line": 186}, "BudgetRequestService.lock_budget_request": {"executed_lines": [], "summary": {"covered_lines": 0, "num_statements": 19, "percent_covered": 0.0, "percent_covered_display": "0", "missing_lines": 19, "excluded_lines": 0, "percent_statements_covered": 0.0, "percent_statements_covered_display": "0"}, "missing_lines": [206, 207, 209, 212, 213, 216, 217, 220, 223, 224, 228, 232, 233, 235, 240, 242, 244, 245, 246], "excluded_lines": [], "start_line": 204}, "BudgetRequestService.cancel_budget_request": {"executed_lines": [], "summary": {"covered_lines": 0, "num_statements": 6, "percent_covered": 0.0, "percent_covered_display": "0", "missing_lines": 6, "excluded_lines": 0, "percent_statements_covered": 0.0, "percent_statements_covered_display": "0"}, "missing_lines": [252, 253, 254, 255, 256, 260], "excluded_lines": [], "start_line": 250}, "BudgetPoolService.get_budget_pool_summary": {"executed_lines": [], "summary": {"covered_lines": 0, "num_statements": 8, "percent_covered": 0.0, "percent_covered_display": "0", "missing_lines": 8, "excluded_lines": 0, "percent_statements_covered": 0.0, "percent_statements_covered_display": "0"}, "missing_lines": [270, 273, 274, 275, 276, 277, 280, 282], "excluded_lines": [], "start_line": 267}, "": {"executed_lines": [], "summary": {"covered_lines": 0, "num_statements": 28, "percent_covered": 0.0, "percent_covered_display": "0", "missing_lines": 28, "excluded_lines": 0, "percent_statements_covered": 0.0, "percent_statements_covered_display": "0"}, "missing_lines": [1, 2, 3, 4, 5, 6, 9, 12, 13, 36, 37, 41, 42, 56, 57, 91, 92, 112, 113, 185, 186, 203, 204, 249, 250, 263, 266, 267], "excluded_lines": [], "start_line": 1}}, "classes": {"BudgetRequestService": {"executed_lines": [], "summary": {"covered_lines": 0, "num_statements": 100, "percent_covered": 0.0, "percent_covered_display": "0", "missing_lines": 100, "excluded_lines": 0, "percent_statements_covered": 0.0, "percent_statements_covered_display": "0"}, "missing_lines": [15, 17, 18, 20, 21, 24, 25, 28, 29, 32, 34, 39, 44, 50, 51, 52, 54, 59, 60, 62, 65, 66, 67, 68, 69, 70, 71, 73, 74, 75, 78, 81, 82, 84, 89, 94, 95, 97, 99, 100, 103, 105, 106, 108, 110, 134, 135, 137, 138, 140, 142, 145, 146, 150, 151, 152, 155, 156, 157, 158, 159, 165, 175, 176, 177, 183, 188, 189, 191, 193, 194, 195, 198, 199, 201, 206, 207, 209, 212, 213, 216, 217, 220, 223, 224, 228, 232, 233, 235, 240, 242, 244, 245, 246, 252, 253, 254, 255, 256, 260], "excluded_lines": [], "start_line": 9}, "BudgetPoolService": {"executed_lines": [], "summary": {"covered_lines": 0, "num_statements": 8, "percent_covered": 0.0, "percent_covered_display": "0", "missing_lines": 8, "excluded_lines": 0, "percent_statements_covered": 0.0, "percent_statements_covered_display": "0"}, "missing_lines": [270, 273, 274, 275, 276, 277, 280, 282], "excluded_lines": [], "start_line": 263}, "": {"executed_lines": [], "summary": {"covered_lines": 0, "num_statements": 28, "percent_covered": 0.0, "percent_covered_display": "0", "missing_lines": 28, "excluded_lines": 0, "percent_statements_covered": 0.0, "percent_statements_covered_display": "0"}, "missing_lines": [1, 2, 3, 4, 5, 6, 9, 12, 13, 36, 37, 41, 42, 56, 57, 91, 92, 112, 113, 185, 186, 203, 204, 249, 250, 263, 266, 267], "excluded_lines": [], "start_line": 1}}}, "budget_approval/tasks.py": {"executed_lines": [], "summary": {"covered_lines": 0, "num_statements": 55, "percent_covered": 0.0, "percent_covered_display": "0", "missing_lines": 55, "excluded_lines": 0, "percent_statements_covered": 0.0, "percent_statements_covered_display": "0"}, "missing_lines": [1, 2, 3, 4, 5, 7, 10, 11, 18, 19, 21, 22, 23, 26, 33, 49, 50, 52, 53, 56, 57, 60, 61, 64, 65, 66, 67, 73, 74, 76, 82, 83, 84, 85, 86, 87, 90, 96, 98, 101, 104, 111, 112, 115, 116, 117, 119, 120, 121, 123, 124, 126, 128, 129, 130], "excluded_lines": [], "functions": {"trigger_escalation": {"executed_lines": [], "summary": {"covered_lines": 0, "num_statements": 28, "percent_covered": 0.0, "percent_covered_display": "0", "missing_lines": 28, "excluded_lines": 0, "percent_statements_covered": 0.0, "percent_statements_covered_display": "0"}, "missing_lines": [18, 19, 21, 22, 23, 26, 33, 49, 50, 52, 53, 56, 57, 60, 61, 64, 65, 66, 67, 73, 74, 76, 82, 83, 84, 85, 86, 87], "excluded_lines": [], "start_line": 11}, "send_escalation_notification": {"executed_lines": [], "summary": {"covered_lines": 0, "num_statements": 18, "percent_covered": 0.0, "percent_covered_display": "0", "missing_lines": 18, "excluded_lines": 0, "percent_statements_covered": 0.0, "percent_statements_covered_display": "0"}, "missing_lines": [96, 98, 101, 104, 111, 112, 115, 116, 117, 119, 120, 121, 123, 124, 126, 128, 129, 130], "excluded_lines": [], "start_line": 90}, "": {"executed_lines": [], "summary": {"covered_lines": 0, "num_statements": 9, "percent_covered": 0.0, "percent_covered_display": "0", "missing_lines": 9, "excluded_lines": 0, "percent_statements_covered": 0.0, "percent_statements_covered_display": "0"}, "missing_lines": [1, 2, 3, 4, 5, 7, 10, 11, 90], "excluded_lines": [], "start_line": 1}}, "classes": {"": {"executed_lines": [], "summary": {"covered_lines": 0, "num_statements": 55, "percent_covered": 0.0, "percent_covered_display": "0", "missing_lines": 55, "excluded_lines": 0, "percent_statements_covered": 0.0, "percent_statements_covered_display": "0"}, "missing_lines": [1, 2, 3, 4, 5, 7, 10, 11, 18, 19, 21, 22, 23, 26, 33, 49, 50, 52, 53, 56, 57, 60, 61, 64, 65, 66, 67, 73, 74, 76, 82, 83, 84, 85, 86, 87, 90, 96, 98, 101, 104, 111, 112, 115, 116, 117, 119, 120, 121, 123, 124, 126, 128, 129, 130], "excluded_lines": [], "start_line": 1}}}, "budget_approval/tests/__init__.py": {"executed_lines": [], "summary": {"covered_lines": 0, "num_statements": 0, "percent_covered": 100.0, "percent_covered_display": "100", "missing_lines": 0, "excluded_lines": 0, "percent_statements_covered": 100.0, "percent_statements_covered_display": "100"}, "missing_lines": [], "excluded_lines": [], "functions": {"": {"executed_lines": [], "summary": {"covered_lines": 0, "num_statements": 0, "percent_covered": 100.0, "percent_covered_display": "100", "missing_lines": 0, "excluded_lines": 0, "percent_statements_covered": 100.0, "percent_statements_covered_display": "100"}, "missing_lines": [], "excluded_lines": [], "start_line": 1}}, "classes": {"": {"executed_lines": [], "summary": {"covered_lines": 0, "num_statements": 0, "percent_covered": 100.0, "percent_covered_display": "100", "missing_lines": 0, "excluded_lines": 0, "percent_statements_covered": 100.0, "percent_statements_covered_display": "100"}, "missing_lines": [], "excluded_lines": [], "start_line": 1}}}, "budget_approval/tests/conftest.py": {"executed_lines": [], "summary": {"covered_lines": 0, "num_statements": 144, "percent_covered": 0.0, "percent_covered_display": "0", "missing_lines": 144, "excluded_lines": 0, "percent_statements_covered": 0.0, "percent_statements_covered_display": "0"}, "missing_lines": [1, 2, 3, 4, 5, 6, 7, 10, 13, 14, 16, 17, 19, 20, 21, 22, 23, 25, 28, 29, 31, 34, 35, 37, 40, 41, 42, 44, 50, 51, 52, 54, 60, 61, 62, 64, 70, 71, 72, 74, 81, 82, 83, 85, 91, 92, 93, 95, 104, 105, 106, 108, 115, 116, 117, 119, 121, 123, 124, 125, 128, 129, 132, 133, 135, 138, 139, 140, 142, 143, 144, 148, 151, 152, 153, 155, 163, 164, 165, 167, 175, 176, 177, 179, 187, 188, 189, 191, 198, 199, 200, 202, 208, 209, 210, 212, 218, 219, 220, 222, 229, 230, 231, 233, 239, 240, 241, 243, 252, 253, 254, 256, 269, 270, 271, 273, 281, 282, 283, 285, 293, 294, 295, 297, 305, 306, 307, 309, 318, 319, 320, 322, 335, 336, 337, 339, 352, 353, 354, 356, 369, 370, 371, 373], "excluded_lines": [], "functions": {"api_client": {"executed_lines": [], "summary": {"covered_lines": 0, "num_statements": 1, "percent_covered": 0.0, "percent_covered_display": "0", "missing_lines": 1, "excluded_lines": 0, "percent_statements_covered": 0.0, "percent_statements_covered_display": "0"}, "missing_lines": [31], "excluded_lines": [], "start_line": 29}, "django_client": {"executed_lines": [], "summary": {"covered_lines": 0, "num_statements": 1, "percent_covered": 0.0, "percent_covered_display": "0", "missing_lines": 1, "excluded_lines": 0, "percent_statements_covered": 0.0, "percent_statements_covered_display": "0"}, "missing_lines": [37], "excluded_lines": [], "start_line": 35}, "organization": {"executed_lines": [], "summary": {"covered_lines": 0, "num_statements": 1, "percent_covered": 0.0, "percent_covered_display": "0", "missing_lines": 1, "excluded_lines": 0, "percent_statements_covered": 0.0, "percent_statements_covered_display": "0"}, "missing_lines": [44], "excluded_lines": [], "start_line": 42}, "team": {"executed_lines": [], "summary": {"covered_lines": 0, "num_statements": 1, "percent_covered": 0.0, "percent_covered_display": "0", "missing_lines": 1, "excluded_lines": 0, "percent_statements_covered": 0.0, "percent_statements_covered_display": "0"}, "missing_lines": [54], "excluded_lines": [], "start_line": 52}, "project": {"executed_lines": [], "summary": {"covered_lines": 0, "num_statements": 1, "percent_covered": 0.0, "percent_covered_display": "0", "missing_lines": 1, "excluded_lines": 0, "percent_statements_covered": 0.0, "percent_statements_covered_display": "0"}, "missing_lines": [64], "excluded_lines": [], "start_line": 62}, "task": {"executed_lines": [], "summary": {"covered_lines": 0, "num_statements": 1, "percent_covered": 0.0, "percent_covered_display": "0", "missing_lines": 1, "excluded_lines": 0, "percent_statements_covered": 0.0, "percent_statements_covered_display": "0"}, "missing_lines": [74], "excluded_lines": [], "start_line": 72}, "ad_channel": {"executed_lines": [], "summary": {"covered_lines": 0, "num_statements": 1, "percent_covered": 0.0, "percent_covered_display": "0", "missing_lines": 1, "excluded_lines": 0, "percent_statements_covered": 0.0, "percent_statements_covered_display": "0"}, "missing_lines": [85], "excluded_lines": [], "start_line": 83}, "budget_pool": {"executed_lines": [], "summary": {"covered_lines": 0, "num_statements": 1, "percent_covered": 0.0, "percent_covered_display": "0", "missing_lines": 1, "excluded_lines": 0, "percent_statements_covered": 0.0, "percent_statements_covered_display": "0"}, "missing_lines": [95], "excluded_lines": [], "start_line": 93}, "role": {"executed_lines": [], "summary": {"covered_lines": 0, "num_statements": 1, "percent_covered": 0.0, "percent_covered_display": "0", "missing_lines": 1, "excluded_lines": 0, "percent_statements_covered": 0.0, "percent_statements_covered_display": "0"}, "missing_lines": [108], "excluded_lines": [], "start_line": 106}, "permissions": {"executed_lines": [], "summary": {"covered_lines": 0, "num_statements": 10, "percent_covered": 0.0, "percent_covered_display": "0", "missing_lines": 10, "excluded_lines": 0, "percent_statements_covered": 0.0, "percent_statements_covered_display": "0"}, "missing_lines": [119, 121, 123, 124, 125, 128, 129, 132, 133, 135], "excluded_lines": [], "start_line": 117}, "role_permissions": {"executed_lines": [], "summary": {"covered_lines": 0, "num_statements": 4, "percent_covered": 0.0, "percent_covered_display": "0", "missing_lines": 4, "excluded_lines": 0, "percent_statements_covered": 0.0, "percent_statements_covered_display": "0"}, "missing_lines": [142, 143, 144, 148], "excluded_lines": [], "start_line": 140}, "user1": {"executed_lines": [], "summary": {"covered_lines": 0, "num_statements": 1, "percent_covered": 0.0, "percent_covered_display": "0", "missing_lines": 1, "excluded_lines": 0, "percent_statements_covered": 0.0, "percent_statements_covered_display": "0"}, "missing_lines": [155], "excluded_lines": [], "start_line": 153}, "user2": {"executed_lines": [], "summary": {"covered_lines": 0, "num_statements": 1, "percent_covered": 0.0, "percent_covered_display": "0", "missing_lines": 1, "excluded_lines": 0, "percent_statements_covered": 0.0, "percent_statements_covered_display": "0"}, "missing_lines": [167], "excluded_lines": [], "start_line": 165}, "user3": {"executed_lines": [], "summary": {"covered_lines": 0, "num_statements": 1, "percent_covered": 0.0, "percent_covered_display": "0", "missing_lines": 1, "excluded_lines": 0, "percent_statements_covered": 0.0, "percent_statements_covered_display": "0"}, "missing_lines": [179], "excluded_lines": [], "start_line": 177}, "superuser": {"executed_lines": [], "summary": {"covered_lines": 0, "num_statements": 1, "percent_covered": 0.0, "percent_covered_display": "0", "missing_lines": 1, "excluded_lines": 0, "percent_statements_covered": 0.0, "percent_statements_covered_display": "0"}, "missing_lines": [191], "excluded_lines": [], "start_line": 189}, "different_organization": {"executed_lines": [], "summary": {"covered_lines": 0, "num_statements": 1, "percent_covered": 0.0, "percent_covered_display": "0", "missing_lines": 1, "excluded_lines": 0, "percent_statements_covered": 0.0, "percent_statements_covered_display": "0"}, "missing_lines": [202], "excluded_lines": [], "start_line": 200}, "different_project": {"executed_lines": [], "summary": {"covered_lines": 0, "num_statements": 1, "percent_covered": 0.0, "percent_covered_display": "0", "missing_lines": 1, "excluded_lines": 0, "percent_statements_covered": 0.0, "percent_statements_covered_display": "0"}, "missing_lines": [212], "excluded_lines": [], "start_line": 210}, "different_task": {"executed_lines": [], "summary": {"covered_lines": 0, "num_statements": 1, "percent_covered": 0.0, "percent_covered_display": "0", "missing_lines": 1, "excluded_lines": 0, "percent_statements_covered": 0.0, "percent_statements_covered_display": "0"}, "missing_lines": [222], "excluded_lines": [], "start_line": 220}, "different_ad_channel": {"executed_lines": [], "summary": {"covered_lines": 0, "num_statements": 1, "percent_covered": 0.0, "percent_covered_display": "0", "missing_lines": 1, "excluded_lines": 0, "percent_statements_covered": 0.0, "percent_statements_covered_display": "0"}, "missing_lines": [233], "excluded_lines": [], "start_line": 231}, "different_budget_pool": {"executed_lines": [], "summary": {"covered_lines": 0, "num_statements": 1, "percent_covered": 0.0, "percent_covered_display": "0", "missing_lines": 1, "excluded_lines": 0, "percent_statements_covered": 0.0, "percent_statements_covered_display": "0"}, "missing_lines": [243], "excluded_lines": [], "start_line": 241}, "budget_request_different_org": {"executed_lines": [], "summary": {"covered_lines": 0, "num_statements": 1, "percent_covered": 0.0, "percent_covered_display": "0", "missing_lines": 1, "excluded_lines": 0, "percent_statements_covered": 0.0, "percent_statements_covered_display": "0"}, "missing_lines": [256], "excluded_lines": [], "start_line": 254}, "user_role1": {"executed_lines": [], "summary": {"covered_lines": 0, "num_statements": 1, "percent_covered": 0.0, "percent_covered_display": "0", "missing_lines": 1, "excluded_lines": 0, "percent_statements_covered": 0.0, "percent_statements_covered_display": "0"}, "missing_lines": [273], "excluded_lines": [], "start_line": 271}, "user_role2": {"executed_lines": [], "summary": {"covered_lines": 0, "num_statements": 1, "percent_covered": 0.0, "percent_covered_display": "0", "missing_lines": 1, "excluded_lines": 0, "percent_statements_covered": 0.0, "percent_statements_covered_display": "0"}, "missing_lines": [285], "excluded_lines": [], "start_line": 283}, "user_role3": {"executed_lines": [], "summary": {"covered_lines": 0, "num_statements": 1, "percent_covered": 0.0, "percent_covered_display": "0", "missing_lines": 1, "excluded_lines": 0, "percent_statements_covered": 0.0, "percent_statements_covered_display": "0"}, "missing_lines": [297], "excluded_lines": [], "start_line": 295}, "escalation_rule": {"executed_lines": [], "summary": {"covered_lines": 0, "num_statements": 1, "percent_covered": 0.0, "percent_covered_display": "0", "missing_lines": 1, "excluded_lines": 0, "percent_statements_covered": 0.0, "percent_statements_covered_display": "0"}, "missing_lines": [309], "excluded_lines": [], "start_line": 307}, "budget_request_draft": {"executed_lines": [], "summary": {"covered_lines": 0, "num_statements": 1, "percent_covered": 0.0, "percent_covered_display": "0", "missing_lines": 1, "excluded_lines": 0, "percent_statements_covered": 0.0, "percent_statements_covered_display": "0"}, "missing_lines": [322], "excluded_lines": [], "start_line": 320}, "budget_request_submitted": {"executed_lines": [], "summary": {"covered_lines": 0, "num_statements": 1, "percent_covered": 0.0, "percent_covered_display": "0", "missing_lines": 1, "excluded_lines": 0, "percent_statements_covered": 0.0, "percent_statements_covered_display": "0"}, "missing_lines": [339], "excluded_lines": [], "start_line": 337}, "budget_request_under_review": {"executed_lines": [], "summary": {"covered_lines": 0, "num_statements": 1, "percent_covered": 0.0, "percent_covered_display": "0", "missing_lines": 1, "excluded_lines": 0, "percent_statements_covered": 0.0, "percent_statements_covered_display": "0"}, "missing_lines": [356], "excluded_lines": [], "start_line": 354}, "frozen_time": {"executed_lines": [], "summary": {"covered_lines": 0, "num_statements": 1, "percent_covered": 0.0, "percent_covered_display": "0", "missing_lines": 1, "excluded_lines": 0, "percent_statements_covered": 0.0, "percent_statements_covered_display": "0"}, "missing_lines": [373], "excluded_lines": [], "start_line": 371}, "": {"executed_lines": [], "summary": {"covered_lines": 0, "num_statements": 103, "percent_covered": 0.0, "percent_covered_display": "0", "missing_lines": 103, "excluded_lines": 0, "percent_statements_covered": 0.0, "percent_statements_covered_display": "0"}, "missing_lines": [1, 2, 3, 4, 5, 6, 7, 10, 13, 14, 16, 17, 19, 20, 21, 22, 23, 25, 28, 29, 34, 35, 40, 41, 42, 50, 51, 52, 60, 61, 62, 70, 71, 72, 81, 82, 83, 91, 92, 93, 104, 105, 106, 115, 116, 117, 138, 139, 140, 151, 152, 153, 163, 164, 165, 175, 176, 177, 187, 188, 189, 198, 199, 200, 208, 209, 210, 218, 219, 220, 229, 230, 231, 239, 240, 241, 252, 253, 254, 269, 270, 271, 281, 282, 283, 293, 294, 295, 305, 306, 307, 318, 319, 320, 335, 336, 337, 352, 353, 354, 369, 370, 371], "excluded_lines": [], "start_line": 1}}, "classes": {"": {"executed_lines": [], "summary": {"covered_lines": 0, "num_statements": 144, "percent_covered": 0.0, "percent_covered_display": "0", "missing_lines": 144, "excluded_lines": 0, "percent_statements_covered": 0.0, "percent_statements_covered_display": "0"}, "missing_lines": [1, 2, 3, 4, 5, 6, 7, 10, 13, 14, 16, 17, 19, 20, 21, 22, 23, 25, 28, 29, 31, 34, 35, 37, 40, 41, 42, 44, 50, 51, 52, 54, 60, 61, 62, 64, 70, 71, 72, 74, 81, 82, 83, 85, 91, 92, 93, 95, 104, 105, 106, 108, 115, 116, 117, 119, 121, 123, 124, 125, 128, 129, 132, 133, 135, 138, 139, 140, 142, 143, 144, 148, 151, 152, 153, 155, 163, 164, 165, 167, 175, 176, 177, 179, 187, 188, 189, 191, 198, 199, 200, 202, 208, 209, 210, 212, 218, 219, 220, 222, 229, 230, 231, 233, 239, 240, 241, 243, 252, 253, 254, 256, 269, 270, 271, 273, 281, 282, 283, 285, 293, 294, 295, 297, 305, 306, 307, 309, 318, 319, 320, 322, 335, 336, 337, 339, 352, 353, 354, 356, 369, 370, 371, 373], "excluded_lines": [], "start_line": 1}}}, "budget_approval/tests/test_concurrency.py": {"executed_lines": [], "summary": {"covered_lines": 0, "num_statements": 134, "percent_covered": 0.0, "percent_covered_display": "0", "missing_lines": 134, "excluded_lines": 0, "percent_statements_covered": 0.0, "percent_statements_covered_display": "0"}, "missing_lines": [1, 2, 3, 4, 5, 6, 7, 8, 9, 10, 11, 14, 15, 18, 19, 21, 22, 24, 25, 26, 27, 28, 29, 32, 44, 47, 49, 56, 57, 64, 71, 72, 80, 86, 87, 90, 94, 100, 101, 104, 105, 108, 109, 111, 112, 115, 116, 120, 121, 124, 131, 132, 140, 146, 147, 150, 154, 160, 161, 164, 165, 168, 169, 172, 175, 178, 180, 181, 187, 191, 192, 200, 212, 213, 216, 217, 219, 220, 222, 224, 225, 227, 228, 229, 231, 237, 242, 243, 251, 255, 261, 262, 265, 266, 269, 270, 273, 274, 277, 278, 280, 283, 284, 292, 304, 305, 308, 309, 312, 313, 316, 317, 320, 321, 323, 325, 326, 328, 329, 330, 333, 334, 340, 341, 344, 345, 348, 349, 352, 353, 356, 357, 360, 361], "excluded_lines": [], "functions": {"TestConcurrentSubmissions.submit_request": {"executed_lines": [], "summary": {"covered_lines": 0, "num_statements": 14, "percent_covered": 0.0, "percent_covered_display": "0", "missing_lines": 14, "excluded_lines": 0, "percent_statements_covered": 0.0, "percent_statements_covered_display": "0"}, "missing_lines": [21, 22, 24, 25, 26, 27, 28, 29, 32, 44, 47, 49, 56, 57], "excluded_lines": [], "start_line": 19}, "TestConcurrentSubmissions.test_concurrent_submissions_same_pool": {"executed_lines": [], "summary": {"covered_lines": 0, "num_statements": 19, "percent_covered": 0.0, "percent_covered_display": "0", "missing_lines": 19, "excluded_lines": 0, "percent_statements_covered": 0.0, "percent_statements_covered_display": "0"}, "missing_lines": [71, 72, 80, 86, 87, 90, 94, 100, 101, 104, 105, 108, 109, 111, 112, 115, 116, 120, 121], "excluded_lines": [], "start_line": 64}, "TestConcurrentSubmissions.test_concurrent_submissions_exceeding_pool": {"executed_lines": [], "summary": {"covered_lines": 0, "num_statements": 18, "percent_covered": 0.0, "percent_covered_display": "0", "missing_lines": 18, "excluded_lines": 0, "percent_statements_covered": 0.0, "percent_statements_covered_display": "0"}, "missing_lines": [131, 132, 140, 146, 147, 150, 154, 160, 161, 164, 165, 168, 169, 172, 175, 178, 180, 181], "excluded_lines": [], "start_line": 124}, "TestConcurrentSubmissions.test_concurrent_approvals_same_request": {"executed_lines": [], "summary": {"covered_lines": 0, "num_statements": 22, "percent_covered": 0.0, "percent_covered_display": "0", "missing_lines": 22, "excluded_lines": 0, "percent_statements_covered": 0.0, "percent_statements_covered_display": "0"}, "missing_lines": [191, 192, 200, 212, 213, 216, 217, 219, 220, 222, 251, 255, 261, 262, 265, 266, 269, 270, 273, 274, 277, 278], "excluded_lines": [], "start_line": 187}, "TestConcurrentSubmissions.test_concurrent_approvals_same_request.approve_request": {"executed_lines": [], "summary": {"covered_lines": 0, "num_statements": 9, "percent_covered": 0.0, "percent_covered_display": "0", "missing_lines": 9, "excluded_lines": 0, "percent_statements_covered": 0.0, "percent_statements_covered_display": "0"}, "missing_lines": [224, 225, 227, 228, 229, 231, 237, 242, 243], "excluded_lines": [], "start_line": 222}, "TestConcurrentSubmissions.test_concurrent_lock_operations": {"executed_lines": [], "summary": {"covered_lines": 0, "num_statements": 26, "percent_covered": 0.0, "percent_covered_display": "0", "missing_lines": 26, "excluded_lines": 0, "percent_statements_covered": 0.0, "percent_statements_covered_display": "0"}, "missing_lines": [283, 284, 292, 304, 305, 308, 309, 312, 313, 316, 317, 320, 321, 323, 340, 341, 344, 345, 348, 349, 352, 353, 356, 357, 360, 361], "excluded_lines": [], "start_line": 280}, "TestConcurrentSubmissions.test_concurrent_lock_operations.lock_request": {"executed_lines": [], "summary": {"covered_lines": 0, "num_statements": 7, "percent_covered": 0.0, "percent_covered_display": "0", "missing_lines": 7, "excluded_lines": 0, "percent_statements_covered": 0.0, "percent_statements_covered_display": "0"}, "missing_lines": [325, 326, 328, 329, 330, 333, 334], "excluded_lines": [], "start_line": 323}, "": {"executed_lines": [], "summary": {"covered_lines": 0, "num_statements": 19, "percent_covered": 0.0, "percent_covered_display": "0", "missing_lines": 19, "excluded_lines": 0, "percent_statements_covered": 0.0, "percent_statements_covered_display": "0"}, "missing_lines": [1, 2, 3, 4, 5, 6, 7, 8, 9, 10, 11, 14, 15, 18, 19, 64, 124, 187, 280], "excluded_lines": [], "start_line": 1}}, "classes": {"TestConcurrentSubmissions": {"executed_lines": [], "summary": {"covered_lines": 0, "num_statements": 115, "percent_covered": 0.0, "percent_covered_display": "0", "missing_lines": 115, "excluded_lines": 0, "percent_statements_covered": 0.0, "percent_statements_covered_display": "0"}, "missing_lines": [21, 22, 24, 25, 26, 27, 28, 29, 32, 44, 47, 49, 56, 57, 71, 72, 80, 86, 87, 90, 94, 100, 101, 104, 105, 108, 109, 111, 112, 115, 116, 120, 121, 131, 132, 140, 146, 147, 150, 154, 160, 161, 164, 165, 168, 169, 172, 175, 178, 180, 181, 191, 192, 200, 212, 213, 216, 217, 219, 220, 222, 224, 225, 227, 228, 229, 231, 237, 242, 243, 251, 255, 261, 262, 265, 266, 269, 270, 273, 274, 277, 278, 283, 284, 292, 304, 305, 308, 309, 312, 313, 316, 317, 320, 321, 323, 325, 326, 328, 329, 330, 333, 334, 340, 341, 344, 345, 348, 349, 352, 353, 356, 357, 360, 361], "excluded_lines": [], "start_line": 15}, "": {"executed_lines": [], "summary": {"covered_lines": 0, "num_statements": 19, "percent_covered": 0.0, "percent_covered_display": "0", "missing_lines": 19, "excluded_lines": 0, "percent_statements_covered": 0.0, "percent_statements_covered_display": "0"}, "missing_lines": [1, 2, 3, 4, 5, 6, 7, 8, 9, 10, 11, 14, 15, 18, 19, 64, 124, 187, 280], "excluded_lines": [], "start_line": 1}}}, "budget_approval/tests/test_escalation.py": {"executed_lines": [], "summary": {"covered_lines": 0, "num_statements": 124, "percent_covered": 0.0, "percent_covered_display": "0", "missing_lines": 124, "excluded_lines": 0, "percent_statements_covered": 0.0, "percent_statements_covered_display": "0"}, "missing_lines": [1, 2, 3, 4, 5, 6, 7, 9, 10, 13, 14, 17, 20, 32, 33, 36, 37, 40, 43, 44, 47, 49, 50, 53, 65, 66, 69, 70, 73, 76, 77, 80, 82, 83, 86, 89, 101, 102, 105, 106, 109, 112, 113, 116, 118, 119, 122, 134, 135, 138, 139, 142, 145, 146, 149, 151, 152, 155, 156, 159, 171, 172, 175, 176, 179, 182, 183, 186, 188, 189, 192, 200, 209, 212, 224, 225, 228, 229, 232, 235, 236, 239, 241, 242, 245, 246, 249, 252, 266, 269, 270, 271, 272, 275, 276, 278, 279, 282, 296, 299, 302, 304, 305, 308, 311, 314, 316, 317, 320, 334, 337, 338, 339, 340, 343, 345, 346, 349, 353, 356, 358, 362, 365, 368], "excluded_lines": [], "functions": {"TestEscalationTrigger.test_escalation_trigger_on_submit": {"executed_lines": [], "summary": {"covered_lines": 0, "num_statements": 10, "percent_covered": 0.0, "percent_covered_display": "0", "missing_lines": 10, "excluded_lines": 0, "percent_statements_covered": 0.0, "percent_statements_covered_display": "0"}, "missing_lines": [17, 20, 32, 33, 36, 37, 40, 43, 44, 47], "excluded_lines": [], "start_line": 14}, "TestEscalationTrigger.test_no_escalation_below_threshold": {"executed_lines": [], "summary": {"covered_lines": 0, "num_statements": 9, "percent_covered": 0.0, "percent_covered_display": "0", "missing_lines": 9, "excluded_lines": 0, "percent_statements_covered": 0.0, "percent_statements_covered_display": "0"}, "missing_lines": [53, 65, 66, 69, 70, 73, 76, 77, 80], "excluded_lines": [], "start_line": 50}, "TestEscalationTrigger.test_escalation_at_threshold": {"executed_lines": [], "summary": {"covered_lines": 0, "num_statements": 10, "percent_covered": 0.0, "percent_covered_display": "0", "missing_lines": 10, "excluded_lines": 0, "percent_statements_covered": 0.0, "percent_statements_covered_display": "0"}, "missing_lines": [86, 89, 101, 102, 105, 106, 109, 112, 113, 116], "excluded_lines": [], "start_line": 83}, "TestEscalationTrigger.test_escalation_different_currency": {"executed_lines": [], "summary": {"covered_lines": 0, "num_statements": 9, "percent_covered": 0.0, "percent_covered_display": "0", "missing_lines": 9, "excluded_lines": 0, "percent_statements_covered": 0.0, "percent_statements_covered_display": "0"}, "missing_lines": [122, 134, 135, 138, 139, 142, 145, 146, 149], "excluded_lines": [], "start_line": 119}, "TestEscalationTrigger.test_escalation_inactive_rule": {"executed_lines": [], "summary": {"covered_lines": 0, "num_statements": 11, "percent_covered": 0.0, "percent_covered_display": "0", "missing_lines": 11, "excluded_lines": 0, "percent_statements_covered": 0.0, "percent_statements_covered_display": "0"}, "missing_lines": [155, 156, 159, 171, 172, 175, 176, 179, 182, 183, 186], "excluded_lines": [], "start_line": 152}, "TestEscalationTrigger.test_multiple_escalation_rules": {"executed_lines": [], "summary": {"covered_lines": 0, "num_statements": 12, "percent_covered": 0.0, "percent_covered_display": "0", "missing_lines": 12, "excluded_lines": 0, "percent_statements_covered": 0.0, "percent_statements_covered_display": "0"}, "missing_lines": [192, 200, 209, 212, 224, 225, 228, 229, 232, 235, 236, 239], "excluded_lines": [], "start_line": 189}, "TestEscalationTask.test_trigger_escalation_task_success": {"executed_lines": [], "summary": {"covered_lines": 0, "num_statements": 9, "percent_covered": 0.0, "percent_covered_display": "0", "missing_lines": 9, "excluded_lines": 0, "percent_statements_covered": 0.0, "percent_statements_covered_display": "0"}, "missing_lines": [249, 252, 266, 269, 270, 271, 272, 275, 276], "excluded_lines": [], "start_line": 246}, "TestEscalationTask.test_trigger_escalation_task_not_escalated": {"executed_lines": [], "summary": {"covered_lines": 0, "num_statements": 4, "percent_covered": 0.0, "percent_covered_display": "0", "missing_lines": 4, "excluded_lines": 0, "percent_statements_covered": 0.0, "percent_statements_covered_display": "0"}, "missing_lines": [282, 296, 299, 302], "excluded_lines": [], "start_line": 279}, "TestEscalationTask.test_trigger_escalation_task_request_not_found": {"executed_lines": [], "summary": {"covered_lines": 0, "num_statements": 3, "percent_covered": 0.0, "percent_covered_display": "0", "missing_lines": 3, "excluded_lines": 0, "percent_statements_covered": 0.0, "percent_statements_covered_display": "0"}, "missing_lines": [308, 311, 314], "excluded_lines": [], "start_line": 305}, "TestEscalationTask.test_trigger_escalation_task_no_escalation_rules": {"executed_lines": [], "summary": {"covered_lines": 0, "num_statements": 7, "percent_covered": 0.0, "percent_covered_display": "0", "missing_lines": 7, "excluded_lines": 0, "percent_statements_covered": 0.0, "percent_statements_covered_display": "0"}, "missing_lines": [320, 334, 337, 338, 339, 340, 343], "excluded_lines": [], "start_line": 317}, "TestEscalationNotification.test_send_escalation_notification_success": {"executed_lines": [], "summary": {"covered_lines": 0, "num_statements": 2, "percent_covered": 0.0, "percent_
[...]
24, 25, 27, 29], "excluded_lines": [], "start_line": 1}}}, "retrospective/utils.py": {"executed_lines": [], "summary": {"covered_lines": 0, "num_statements": 107, "percent_covered": 0.0, "percent_covered_display": "0", "missing_lines": 107, "excluded_lines": 0, "percent_statements_covered": 0.0, "percent_statements_covered_display": "0"}, "missing_lines": [5, 6, 7, 8, 9, 10, 11, 12, 13, 14, 17, 22, 23, 34, 36, 38, 39, 41, 42, 52, 53, 54, 55, 56, 57, 59, 60, 61, 62, 64, 65, 75, 86, 87, 89, 90, 92, 94, 95, 106, 124, 125, 127, 128, 140, 142, 143, 146, 149, 151, 154, 157, 159, 160, 171, 172, 174, 175, 185, 186, 187, 188, 189, 191, 192, 202, 203, 204, 205, 206, 207, 208, 210, 211, 212, 214, 215, 226, 227, 229, 231, 232, 243, 250, 251, 253, 254, 265, 266, 268, 270, 271, 281, 283, 284, 294, 295, 296, 298, 299, 309, 311, 313, 315, 316, 317, 319], "excluded_lines": [], "functions": {"RetrospectiveUtils.convert_timezone": {"executed_lines": [], "summary": {"covered_lines": 0, "num_statements": 4, "percent_covered": 0.0, "percent_covered_display": "0", "missing_lines": 4, "excluded_lines": 0, "percent_statements_covered": 0.0, "percent_statements_covered_display": "0"}, "missing_lines": [34, 36, 38, 39], "excluded_lines": [], "start_line": 23}, "RetrospectiveUtils.format_duration": {"executed_lines": [], "summary": {"covered_lines": 0, "num_statements": 10, "percent_covered": 0.0, "percent_covered_display": "0", "missing_lines": 10, "excluded_lines": 0, "percent_statements_covered": 0.0, "percent_statements_covered_display": "0"}, "missing_lines": [52, 53, 54, 55, 56, 57, 59, 60, 61, 62], "excluded_lines": [], "start_line": 42}, "RetrospectiveUtils.transform_kpi_data": {"executed_lines": [], "summary": {"covered_lines": 0, "num_statements": 6, "percent_covered": 0.0, "percent_covered_display": "0", "missing_lines": 6, "excluded_lines": 0, "percent_statements_covered": 0.0, "percent_statements_covered_display": "0"}, "missing_lines": [75, 86, 87, 89, 90, 92], "excluded_lines": [], "start_line": 65}, "RetrospectiveUtils.normalize_metric_name": {"executed_lines": [], "summary": {"covered_lines": 0, "num_statements": 3, "percent_covered": 0.0, "percent_covered_display": "0", "missing_lines": 3, "excluded_lines": 0, "percent_statements_covered": 0.0, "percent_statements_covered_display": "0"}, "missing_lines": [106, 124, 125], "excluded_lines": [], "start_line": 95}, "RetrospectiveUtils.handle_file_upload": {"executed_lines": [], "summary": {"covered_lines": 0, "num_statements": 8, "percent_covered": 0.0, "percent_covered_display": "0", "missing_lines": 8, "excluded_lines": 0, "percent_statements_covered": 0.0, "percent_statements_covered_display": "0"}, "missing_lines": [140, 142, 143, 146, 149, 151, 154, 157], "excluded_lines": [], "start_line": 128}, "RetrospectiveUtils.generate_report_filename": {"executed_lines": [], "summary": {"covered_lines": 0, "num_statements": 2, "percent_covered": 0.0, "percent_covered_display": "0", "missing_lines": 2, "excluded_lines": 0, "percent_statements_covered": 0.0, "percent_statements_covered_display": "0"}, "missing_lines": [171, 172], "excluded_lines": [], "start_line": 160}, "RetrospectiveUtils.validate_json_data": {"executed_lines": [], "summary": {"covered_lines": 0, "num_statements": 5, "percent_covered": 0.0, "percent_covered_display": "0", "missing_lines": 5, "excluded_lines": 0, "percent_statements_covered": 0.0, "percent_statements_covered_display": "0"}, "missing_lines": [185, 186, 187, 188, 189], "excluded_lines": [], "start_line": 175}, "RetrospectiveUtils.safe_decimal_conversion": {"executed_lines": [], "summary": {"covered_lines": 0, "num_statements": 10, "percent_covered": 0.0, "percent_covered_display": "0", "missing_lines": 10, "excluded_lines": 0, "percent_statements_covered": 0.0, "percent_statements_covered_display": "0"}, "missing_lines": [202, 203, 204, 205, 206, 207, 208, 210, 211, 212], "excluded_lines": [], "start_line": 192}, "RetrospectiveUtils.calculate_percentage_change": {"executed_lines": [], "summary": {"covered_lines": 0, "num_statements": 3, "percent_covered": 0.0, "percent_covered_display": "0", "missing_lines": 3, "excluded_lines": 0, "percent_statements_covered": 0.0, "percent_statements_covered_display": "0"}, "missing_lines": [226, 227, 229], "excluded_lines": [], "start_line": 215}, "RetrospectiveUtils.format_currency": {"executed_lines": [], "summary": {"covered_lines": 0, "num_statements": 3, "percent_covered": 0.0, "percent_covered_display": "0", "missing_lines": 3, "excluded_lines": 0, "percent_statements_covered": 0.0, "percent_statements_covered_display": "0"}, "missing_lines": [243, 250, 251], "excluded_lines": [], "start_line": 232}, "RetrospectiveUtils.truncate_text": {"executed_lines": [], "summary": {"covered_lines": 0, "num_statements": 3, "percent_covered": 0.0, "percent_covered_display": "0", "missing_lines": 3, "excluded_lines": 0, "percent_statements_covered": 0.0, "percent_statements_covered_display": "0"}, "missing_lines": [265, 266, 268], "excluded_lines": [], "start_line": 254}, "RetrospectiveUtils.generate_unique_id": {"executed_lines": [], "summary": {"covered_lines": 0, "num_statements": 1, "percent_covered": 0.0, "percent_covered_display": "0", "missing_lines": 1, "excluded_lines": 0, "percent_statements_covered": 0.0, "percent_statements_covered_display": "0"}, "missing_lines": [281], "excluded_lines": [], "start_line": 271}, "RetrospectiveUtils.validate_email_format": {"executed_lines": [], "summary": {"covered_lines": 0, "num_statements": 3, "percent_covered": 0.0, "percent_covered_display": "0", "missing_lines": 3, "excluded_lines": 0, "percent_statements_covered": 0.0, "percent_statements_covered_display": "0"}, "missing_lines": [294, 295, 296], "excluded_lines": [], "start_line": 284}, "RetrospectiveUtils.sanitize_filename": {"executed_lines": [], "summary": {"covered_lines": 0, "num_statements": 7, "percent_covered": 0.0, "percent_covered_display": "0", "missing_lines": 7, "excluded_lines": 0, "percent_statements_covered": 0.0, "percent_statements_covered_display": "0"}, "missing_lines": [309, 311, 313, 315, 316, 317, 319], "excluded_lines": [], "start_line": 299}, "": {"executed_lines": [], "summary": {"covered_lines": 0, "num_statements": 39, "percent_covered": 0.0, "percent_covered_display": "0", "missing_lines": 39, "excluded_lines": 0, "percent_statements_covered": 0.0, "percent_statements_covered_display": "0"}, "missing_lines": [5, 6, 7, 8, 9, 10, 11, 12, 13, 14, 17, 22, 23, 41, 42, 64, 65, 94, 95, 127, 128, 159, 160, 174, 175, 191, 192, 214, 215, 231, 232, 253, 254, 270, 271, 283, 284, 298, 299], "excluded_lines": [], "start_line": 1}}, "classes": {"RetrospectiveUtils": {"executed_lines": [], "summary": {"covered_lines": 0, "num_statements": 68, "percent_covered": 0.0, "percent_covered_display": "0", "missing_lines": 68, "excluded_lines": 0, "percent_statements_covered": 0.0, "percent_statements_covered_display": "0"}, "missing_lines": [34, 36, 38, 39, 52, 53, 54, 55, 56, 57, 59, 60, 61, 62, 75, 86, 87, 89, 90, 92, 106, 124, 125, 140, 142, 143, 146, 149, 151, 154, 157, 171, 172, 185, 186, 187, 188, 189, 202, 203, 204, 205, 206, 207, 208, 210, 211, 212, 226, 227, 229, 243, 250, 251, 265, 266, 268, 281, 294, 295, 296, 309, 311, 313, 315, 316, 317, 319], "excluded_lines": [], "start_line": 17}, "": {"executed_lines": [], "summary": {"covered_lines": 0, "num_statements": 39, "percent_covered": 0.0, "percent_covered_display": "0", "missing_lines": 39, "excluded_lines": 0, "percent_statements_covered": 0.0, "percent_statements_covered_display": "0"}, "missing_lines": [5, 6, 7, 8, 9, 10, 11, 12, 13, 14, 17, 22, 23, 41, 42, 64, 65, 94, 95, 127, 128, 159, 160, 174, 175, 191, 192, 214, 215, 231, 232, 253, 254, 270, 271, 283, 284, 298, 299], "excluded_lines": [], "start_line": 1}}}, "retrospective/views.py": {"executed_lines": [], "summary": {"covered_lines": 0, "num_statements": 204, "percent_covered": 0.0, "percent_covered_display": "0", "missing_lines": 204, "excluded_lines": 0, "percent_statements_covered": 0.0, "percent_statements_covered_display": "0"}, "missing_lines": [5, 6, 7, 8, 9, 10, 11, 12, 14, 15, 22, 23, 24, 26, 29, 33, 34, 36, 38, 39, 40, 41, 42, 44, 46, 49, 50, 53, 56, 59, 60, 61, 63, 65, 67, 68, 69, 70, 71, 73, 74, 76, 78, 79, 85, 90, 96, 97, 99, 101, 102, 103, 104, 105, 106, 111, 112, 114, 116, 117, 118, 121, 123, 129, 130, 133, 134, 139, 141, 142, 144, 145, 146, 147, 149, 150, 155, 161, 162, 167, 168, 170, 171, 172, 174, 175, 177, 178, 183, 188, 189, 193, 195, 196, 197, 198, 199, 201, 203, 204, 209, 213, 214, 216, 218, 219, 220, 221, 222, 224, 226, 229, 230, 233, 237, 239, 240, 241, 243, 244, 250, 251, 253, 254, 255, 257, 258, 260, 261, 264, 265, 271, 272, 275, 280, 286, 287, 292, 293, 295, 296, 297, 302, 303, 306, 307, 312, 316, 317, 319, 320, 325, 326, 328, 329, 330, 335, 336, 339, 340, 345, 351, 352, 353, 354, 355, 356, 358, 360, 361, 367, 371, 373, 374, 376, 377, 379, 380, 382, 383, 384, 389, 390, 391, 396, 398, 399, 401, 402, 404, 405, 410, 411, 412, 413, 419, 420, 421, 427, 437, 438, 439, 444, 445], "excluded_lines": [], "functions": {"RetrospectiveTaskViewSet.get_serializer_class": {"executed_lines": [], "summary": {"covered_lines": 0, "num_statements": 5, "percent_covered": 0.0, "percent_covered_display": "0", "missing_lines": 5, "excluded_lines": 0, "percent_statements_covered": 0.0, "percent_statements_covered_display": "0"}, "missing_lines": [38, 39, 40, 41, 42], "excluded_lines": [], "start_line": 36}, "RetrospectiveTaskViewSet.get_queryset": {"executed_lines": [], "summary": {"covered_lines": 0, "num_statements": 9, "percent_covered": 0.0, "percent_covered_display": "0", "missing_lines": 9, "excluded_lines": 0, "percent_statements_covered": 0.0, "percent_statements_covered_display": "0"}, "missing_lines": [46, 49, 50, 53, 56, 59, 60, 61, 63], "excluded_lines": [], "start_line": 44}, "RetrospectiveTaskViewSet.perform_create": {"executed_lines": [], "summary": {"covered_lines": 0, "num_statements": 5, "percent_covered": 0.0, "percent_covered_display": "0", "missing_lines": 5, "excluded_lines": 0, "percent_statements_covered": 0.0, "percent_statements_covered_display": "0"}, "missing_lines": [67, 68, 69, 70, 71], "excluded_lines": [], "start_line": 65}, "RetrospectiveTaskViewSet.start_analysis": {"executed_lines": [], "summary": {"covered_lines": 0, "num_statements": 5, "percent_covered": 0.0, "percent_covered_display": "0", "missing_lines": 5, "excluded_lines": 0, "percent_statements_covered": 0.0, "percent_statements_covered_display": "0"}, "missing_lines": [76, 78, 79, 85, 90], "excluded_lines": [], "start_line": 74}, "RetrospectiveTaskViewSet.summary": {"executed_lines": [], "summary": {"covered_lines": 0, "num_statements": 7, "percent_covered": 0.0, "percent_covered_display": "0", "missing_lines": 7, "excluded_lines": 0, "percent_statements_covered": 0.0, "percent_statements_covered_display": "0"}, "missing_lines": [99, 101, 102, 103, 104, 105, 106], "excluded_lines": [], "start_line": 97}, "RetrospectiveTaskViewSet.generate_report": {"executed_lines": [], "summary": {"covered_lines": 0, "num_statements": 6, "percent_covered": 0.0, "percent_covered_display": "0", "missing_lines": 6, "excluded_lines": 0, "percent_statements_covered": 0.0, "percent_statements_covered_display": "0"}, "missing_lines": [114, 116, 117, 118, 121, 123], "excluded_lines": [], "start_line": 112}, "RetrospectiveTaskViewSet.approve_report": {"executed_lines": [], "summary": {"covered_lines": 0, "num_statements": 14, "percent_covered": 0.0, "percent_covered_display": "0", "missing_lines": 14, "excluded_lines": 0, "percent_statements_covered": 0.0, "percent_statements_covered_display": "0"}, "missing_lines": [133, 134, 139, 141, 142, 144, 145, 146, 147, 149, 150, 155, 161, 162], "excluded_lines": [], "start_line": 130}, "RetrospectiveTaskViewSet.my_retrospectives": {"executed_lines": [], "summary": {"covered_lines": 0, "num_statements": 3, "percent_covered": 0.0, "percent_covered_display": "0", "missing_lines": 3, "excluded_lines": 0, "percent_statements_covered": 0.0, "percent_statements_covered_display": "0"}, "missing_lines": [170, 171, 172], "excluded_lines": [], "start_line": 168}, "RetrospectiveTaskViewSet.pending_approval": {"executed_lines": [], "summary": {"covered_lines": 0, "num_statements": 5, "percent_covered": 0.0, "percent_covered_display": "0", "missing_lines": 5, "excluded_lines": 0, "percent_statements_covered": 0.0, "percent_statements_covered_display": "0"}, "missing_lines": [177, 178, 183, 188, 189], "excluded_lines": [], "start_line": 175}, "CampaignMetricViewSet.get_queryset": {"executed_lines": [], "summary": {"covered_lines": 0, "num_statements": 2, "percent_covered": 0.0, "percent_covered_display": "0", "missing_lines": 2, "excluded_lines": 0, "percent_statements_covered": 0.0, "percent_statements_covered_display": "0"}, "missing_lines": [203, 204], "excluded_lines": [], "start_line": 201}, "InsightViewSet.get_serializer_class": {"executed_lines": [], "summary": {"covered_lines": 0, "num_statements": 5, "percent_covered": 0.0, "percent_covered_display": "0", "missing_lines": 5, "excluded_lines": 0, "percent_statements_covered": 0.0, "percent_statements_covered_display": "0"}, "missing_lines": [218, 219, 220, 221, 222], "excluded_lines": [], "start_line": 216}, "InsightViewSet.get_queryset": {"executed_lines": [], "summary": {"covered_lines": 0, "num_statements": 4, "percent_covered": 0.0, "percent_covered_display": "0", "missing_lines": 4, "excluded_lines": 0, "percent_statements_covered": 0.0, "percent_statements_covered_display": "0"}, "missing_lines": [226, 229, 230, 233], "excluded_lines": [], "start_line": 224}, "InsightViewSet.perform_create": {"executed_lines": [], "summary": {"covered_lines": 0, "num_statements": 5, "percent_covered": 0.0, "percent_covered_display": "0", "missing_lines": 5, "excluded_lines": 0, "percent_statements_covered": 0.0, "percent_statements_covered_display": "0"}, "missing_lines": [239, 240, 241, 243, 244], "excluded_lines": [], "start_line": 237}, "InsightViewSet.generate_insights": {"executed_lines": [], "summary": {"covered_lines": 0, "num_statements": 15, "percent_covered": 0.0, "percent_covered_display": "0", "missing_lines": 15, "excluded_lines": 0, "percent_statements_covered": 0.0, "percent_statements_covered_display": "0"}, "missing_lines": [253, 254, 255, 257, 258, 260, 261, 264, 265, 271, 272, 275, 280, 286, 287], "excluded_lines": [], "start_line": 251}, "InsightViewSet.by_retrospective": {"executed_lines": [], "summary": {"covered_lines": 0, "num_statements": 12, "percent_covered": 0.0, "percent_covered_display": "0", "missing_lines": 12, "excluded_lines": 0, "percent_statements_covered": 0.0, "percent_statements_covered_display": "0"}, "missing_lines": [295, 296, 297, 302, 303, 306, 307, 312, 316, 317, 319, 320], "excluded_lines": [], "start_line": 293}, "InsightViewSet.by_severity": {"executed_lines": [], "summary": {"covered_lines": 0, "num_statements": 17, "percent_covered": 0.0, "percent_covered_display": "0", "missing_lines": 17, "excluded_lines": 0, "percent_statements_covered": 0.0, "percent_statements_covered_display": "0"}, "missing_lines": [328, 329, 330, 335, 336, 339, 340, 345, 351, 352, 353, 354, 355, 356, 358, 360, 361], "excluded_lines": [], "start_line": 326}, "RuleEngineViewSet.rules": {"executed_lines": [], "summary": {"covered_lines": 0, "num_statements": 2, "percent_covered": 0.0, "percent_covered_display": "0", "missing_lines": 2, "excluded_lines": 0, "percent_statements_covered": 0.0, "percent_statements_covered_display": "0"}, "missing_lines": [376, 377], "excluded_lines": [], "start_line": 374}, "RuleEngineViewSet.rule_definition": {"executed_lines": [], "summary": {"covered_lines": 0, "num_statements": 7, "percent_covered": 0.0, "percent_covered_display": "0", "missing_lines": 7, "excluded_lines": 0, "percent_statements_covered": 0.0, "percent_statements_covered_display": "0"}, "missing_lines": [382, 383, 384, 389, 390, 391, 396], "excluded_lines": [], "start_line": 380}, "RuleEngineViewSet.test_rule": {"executed_lines": [], "summary": {"covered_lines": 0, "num_statements": 17, "percent_covered": 0.0, "percent_covered_display": "0", "missing_lines": 17, "excluded_lines": 0, "percent_statements_covered": 0.0, "percent_statements_covered_display": "0"}, "missing_lines": [401, 402, 404, 405, 410, 411, 412, 413, 419, 420, 421, 427, 437, 438, 439, 444, 445], "excluded_lines": [], "start_line": 399}, "": {"executed_lines": [], "summary": {"covered_lines": 0, "num_statements": 59, "percent_covered": 0.0, "percent_covered_display": "0", "missing_lines": 59, "excluded_lines": 0, "percent_statements_covered": 0.0, "percent_statements_covered_display": "0"}, "missing_lines": [5, 6, 7, 8, 9, 10, 11, 12, 14, 15, 22, 23, 24, 26, 29, 33, 34, 36, 44, 65, 73, 74, 96, 97, 111, 112, 129, 130, 167, 168, 174, 175, 193, 195, 196, 197, 198, 199, 201, 209, 213, 214, 216, 224, 237, 250, 251, 292, 293, 325, 326, 367, 371, 373, 374, 379, 380, 398, 399], "excluded_lines": [], "start_line": 1}}, "classes": {"RetrospectiveTaskViewSet": {"executed_lines": [], "summary": {"covered_lines": 0, "num_statements": 59, "percent_covered": 0.0, "percent_covered_display": "0", "missing_lines": 59, "excluded_lines": 0, "percent_statements_covered": 0.0, "percent_statements_covered_display": "0"}, "missing_lines": [38, 39, 40, 41, 42, 46, 49, 50, 53, 56, 59, 60, 61, 63, 67, 68, 69, 70, 71, 76, 78, 79, 85, 90, 99, 101, 102, 103, 104, 105, 106, 114, 116, 117, 118, 121, 123, 133, 134, 139, 141, 142, 144, 145, 146, 147, 149, 150, 155, 161, 162, 170, 171, 172, 177, 178, 183, 188, 189], "excluded_lines": [], "start_line": 29}, "CampaignMetricViewSet": {"executed_lines": [], "summary": {"covered_lines": 0, "num_statements": 2, "percent_covered": 0.0, "percent_covered_display": "0", "missing_lines": 2, "excluded_lines": 0, "percent_statements_covered": 0.0, "percent_statements_covered_display": "0"}, "missing_lines": [203, 204], "excluded_lines": [], "start_line": 193}, "InsightViewSet": {"executed_lines": [], "summary": {"covered_lines": 0, "num_statements": 58, "percent_covered": 0.0, "percent_covered_display": "0", "missing_lines": 58, "excluded_lines": 0, "percent_statements_covered": 0.0, "percent_statements_covered_display": "0"}, "missing_lines": [218, 219, 220, 221, 222, 226, 229, 230, 233, 239, 240, 241, 243, 244, 253, 254, 255, 257, 258, 260, 261, 264, 265, 271, 272, 275, 280, 286, 287, 295, 296, 297, 302, 303, 306, 307, 312, 316, 317, 319, 320, 328, 329, 330, 335, 336, 339, 340, 345, 351, 352, 353, 354, 355, 356, 358, 360, 361], "excluded_lines": [], "start_line": 209}, "RuleEngineViewSet": {"executed_lines": [], "summary": {"covered_lines": 0, "num_statements": 26, "percent_covered": 0.0, "percent_covered_display": "0", "missing_lines": 26, "excluded_lines": 0, "percent_statements_covered": 0.0, "percent_statements_covered_display": "0"}, "missing_lines": [376, 377, 382, 383, 384, 389, 390, 391, 396, 401, 402, 404, 405, 410, 411, 412, 413, 419, 420, 421, 427, 437, 438, 439, 444, 445], "excluded_lines": [], "start_line": 367}, "": {"executed_lines": [], "summary": {"covered_lines": 0, "num_statements": 59, "percent_covered": 0.0, "percent_covered_display": "0", "missing_lines": 59, "excluded_lines": 0, "percent_statements_covered": 0.0, "percent_statements_covered_display": "0"}, "missing_lines": [5, 6, 7, 8, 9, 10, 11, 12, 14, 15, 22, 23, 24, 26, 29, 33, 34, 36, 44, 65, 73, 74, 96, 97, 111, 112, 129, 130, 167, 168, 174, 175, 193, 195, 196, 197, 198, 199, 201, 209, 213, 214, 216, 224, 237, 250, 251, 292, 293, 325, 326, 367, 371, 373, 374, 379, 380, 398, 399], "excluded_lines": [], "start_line": 1}}}}, "totals": {"covered_lines": 897, "num_statements": 11727, "percent_covered": 7.649015093374264, "percent_covered_display": "8", "missing_lines": 10830, "excluded_lines": 1, "percent_statements_covered": 7.649015093374264, "percent_statements_covered_display": "8"}}